-> GET /sso/Login?forwardTo=22&RL=1&ip2loc=US
<- 200 GET /sso/Login?forwardTo=22&RL=1&ip2loc=US
-> GET /stylesheet/web/bootstrap.v3.3.6.css
-> GET /stylesheet/web/bootstrap-switch.v3.3.2.min.css
-> GET /stylesheet/web/font-awesome.v4.7.0.css
-> GET /stylesheet/web/switchery.min.css
-> GET /stylesheet/web/ib-common.css
-> GET /stylesheet/web/login.css
<- 200 GET /stylesheet/web/bootstrap.v3.3.6.css
-> GET /sso/Templates/otp-responsive.css?1597241348388
<- 200 GET /stylesheet/web/bootstrap-switch.v3.3.2.min.css
<- 200 GET /stylesheet/web/font-awesome.v4.7.0.css
<- 200 GET /stylesheet/web/switchery.min.css
<- 200 GET /stylesheet/web/ib-common.css
-> GET /scripts/common/js/2015/jquery.min.js
-> GET /scripts/common/js/jquery-ui-1.12.1.min.js
-> GET /scripts/common/js/2015/bootstrap.min.js
-> GET /scripts/common/js/2015/bootstrap-switch.min.js
<- 200 GET /sso/Templates/otp-responsive.css?1597241348388
<- 200 GET /stylesheet/web/login.css
-> GET /scripts/common/js/switchery.min.js
-> GET /sso/CombineFiles
<- 200 GET /scripts/common/js/2015/jquery.min.js
<- 200 GET /scripts/common/js/jquery-ui-1.12.1.min.js
<- 200 GET /scripts/common/js/2015/bootstrap.min.js
-> GET /images/2015/btn-app-apple.png
<- 200 GET /scripts/common/js/2015/bootstrap-switch.min.js
-> GET /images/2015/btn-app-google.png
-> GET /images/2015/btn-app-tws.png
-> GET /images/2015/button_discover_apis.png
<- 200 GET /scripts/common/js/switchery.min.js
<- 200 GET /images/2015/btn-app-apple.png
<- 200 GET /images/2015/btn-app-google.png
<- 200 GET /sso/CombineFiles
<- 200 GET /images/2015/button_discover_apis.png
<- 200 GET /images/2015/btn-app-tws.png
-> GET /images/2015/template/logo-ib-ibkr-txtwht.svg
-> GET /fonts/Proxima-Nova-Regular.woff2
-> GET /images/2015/template/logo-ib-ibkr-txtblk.svg
-> GET /fonts/Proxima-Nova-Light.woff2
-> GET /fonts/Proxima-Nova-Semibold.woff2
-> GET /fonts/fontawesome-webfont.woff2?v=4.6.1
<- 200 GET /images/2015/template/logo-ib-ibkr-txtwht.svg
<- 200 GET /fonts/Proxima-Nova-Semibold.woff2
<- 200 GET /fonts/Proxima-Nova-Light.woff2
<- 200 GET /images/2015/template/logo-ib-ibkr-txtblk.svg
<- 200 GET /fonts/Proxima-Nova-Regular.woff2
<- 200 GET /fonts/fontawesome-webfont.woff2?v=4.6.1
-> GET /images/2015/template/home-screen-icon-192x192.png
-> GET /images/2015/template/home-screen-icon-128x128.png
-> GET /images/2015/template/apple-touch-icon-144x144.png
<- 200 GET /images/2015/template/home-screen-icon-192x192.png
<- 200 GET /images/2015/template/home-screen-icon-128x128.png
<- 200 GET /images/2015/template/apple-touch-icon-144x144.png
-> POST /sso/Authenticator;jsessionid=58F5C63052BA919961C20FDBC3F42DE8.ny5wwwdamsso1?70416
<- 200 POST /sso/Authenticator;jsessionid=58F5C63052BA919961C20FDBC3F42DE8.ny5wwwdamsso1?70416
-> POST /sso/Authenticator;jsessionid=58F5C63052BA919961C20FDBC3F42DE8.ny5wwwdamsso1?73320
<- 200 POST /sso/Authenticator;jsessionid=58F5C63052BA919961C20FDBC3F42DE8.ny5wwwdamsso1?73320
-> POST /sso/Authenticator;jsessionid=58F5C63052BA919961C20FDBC3F42DE8.ny5wwwdamsso1?91496
<- 200 POST /sso/Authenticator;jsessionid=58F5C63052BA919961C20FDBC3F42DE8.ny5wwwdamsso1?91496
-> POST /sso/Authenticator;jsessionid=58F5C63052BA919961C20FDBC3F42DE8.ny5wwwdamsso1?74538
<- 200 POST /sso/Authenticator;jsessionid=58F5C63052BA919961C20FDBC3F42DE8.ny5wwwdamsso1?74538
-> POST /sso/Authenticator;jsessionid=58F5C63052BA919961C20FDBC3F42DE8.ny5wwwdamsso1?26943
<- 200 POST /sso/Authenticator;jsessionid=58F5C63052BA919961C20FDBC3F42DE8.ny5wwwdamsso1?26943
-> POST /sso/Authenticator;jsessionid=58F5C63052BA919961C20FDBC3F42DE8.ny5wwwdamsso1?87911
<- 200 POST /sso/Authenticator;jsessionid=58F5C63052BA919961C20FDBC3F42DE8.ny5wwwdamsso1?87911
-> POST /sso/Authenticator;jsessionid=58F5C63052BA919961C20FDBC3F42DE8.ny5wwwdamsso1?16399
<- 200 POST /sso/Authenticator;jsessionid=58F5C63052BA919961C20FDBC3F42DE8.ny5wwwdamsso1?16399
-> POST /sso/Authenticator;jsessionid=58F5C63052BA919961C20FDBC3F42DE8.ny5wwwdamsso1?65228
<- 200 POST /sso/Authenticator;jsessionid=58F5C63052BA919961C20FDBC3F42DE8.ny5wwwdamsso1?65228
-> POST /sso/Dispatcher;jsessionid=58F5C63052BA919961C20FDBC3F42DE8.ny5wwwdamsso1
<- 302 POST /sso/Dispatcher;jsessionid=58F5C63052BA919961C20FDBC3F42DE8.ny5wwwdamsso1
-> request: /v1/api/sso/validate?gw=1
-> request: /AccountManagement/OneBarAuthentication?json=1
-> GET /AccountManagement/OneBarAuthentication?json=1,404|198ms
-> GET /v1/api/sso/validate?gw=1,200|250ms
-> request: /v1/api/one/user
-> request: /sso/AuthenticateSSODH?ACTION=INIT
-> sso GET https://api.ibkr.com/sso/AuthenticateSSODH?ACTION=INIT
-> GET /v1/api/one/user,200|153ms
-> request: /sso/AuthenticateSSODH?ACTION=COMPLETE&B=42f2563c2a821c4d21f3d1dad5b5ae5acafacf065c0a4b6080531328f523ff39b346a1236533fde237618dfa6036e685ecbc8167ae809ad76e8ec88b3f874326&CHRESPONSE=3fc3298972f716ef471a691098f705311ab9a3ea
-> sso GET https://api.ibkr.com/sso/AuthenticateSSODH?ACTION=COMPLETE&B=42f2563c2a821c4d21f3d1dad5b5ae5acafacf065c0a4b6080531328f523ff39b346a1236533fde237618dfa6036e685ecbc8167ae809ad76e8ec88b3f874326&CHRESPONSE=3fc3298972f716ef471a691098f705311ab9a3ea
-> request: /v1/api/iserver/auth/status
-> GET /v1/api/iserver/auth/status,200|42ms
-> request: /v1/api/iserver/auth/ssodh/init
-> POST https://api.ibkr.com/v1/api/iserver/auth/ssodh/init,200|119ms
-> request: /v1/api/iserver/auth/ssodh/response
-> POST https://api.ibkr.com/v1/api/iserver/auth/ssodh/response,200|64ms
-> request: /v1/api/iserver/auth/ssodh/init
-> POST https://api.ibkr.com/v1/api/iserver/auth/ssodh/init,200|41ms
-> request: /sso/ping
-> GET /sso/ping,200|176ms
-> GET /sso/Login?forwardTo=22&RL=1&ip2loc=US
<- 200 GET /sso/Login?forwardTo=22&RL=1&ip2loc=US
-> GET /sso/Templates/otp-responsive.css?1597241905008
-> GET /sso/CombineFiles
<- 200 GET /sso/CombineFiles
<- 200 GET /sso/Templates/otp-responsive.css?1597241905008
-> GET /sso/CombineFiles
<- 200 GET /sso/CombineFiles
-> POST /sso/Authenticator;jsessionid=61CE5C165629D62EA55B96539A6625D4.ny5wwwdamsso1?3261
<- 200 POST /sso/Authenticator;jsessionid=61CE5C165629D62EA55B96539A6625D4.ny5wwwdamsso1?3261
-> POST /sso/Authenticator;jsessionid=61CE5C165629D62EA55B96539A6625D4.ny5wwwdamsso1?21812
<- 200 POST /sso/Authenticator;jsessionid=61CE5C165629D62EA55B96539A6625D4.ny5wwwdamsso1?21812
-> POST /sso/Dispatcher;jsessionid=61CE5C165629D62EA55B96539A6625D4.ny5wwwdamsso1
<- 302 POST /sso/Dispatcher;jsessionid=61CE5C165629D62EA55B96539A6625D4.ny5wwwdamsso1
-> request: /v1/api/sso/validate?gw=1
-> request: /AccountManagement/OneBarAuthentication?json=1
-> GET /v1/api/sso/validate?gw=1,200|220ms
-> request: /v1/api/one/user
-> request: /sso/AuthenticateSSODH?ACTION=INIT
-> sso GET https://api.ibkr.com/sso/AuthenticateSSODH?ACTION=INIT
-> GET /AccountManagement/OneBarAuthentication?json=1,404|335ms
-> request: /sso/AuthenticateSSODH?ACTION=COMPLETE&B=71ece8a26184aff4ca6547d88001425ca0f76180a2b5127b87d727fe38c115b68840dc832d37feec3133224cb44d4c7f0dd1a9978faf0e42d1924d9bfd4da63d&CHRESPONSE=1d38202733dfcaac937ce3cfaef9ac5928cf0e80
-> sso GET https://api.ibkr.com/sso/AuthenticateSSODH?ACTION=COMPLETE&B=71ece8a26184aff4ca6547d88001425ca0f76180a2b5127b87d727fe38c115b68840dc832d37feec3133224cb44d4c7f0dd1a9978faf0e42d1924d9bfd4da63d&CHRESPONSE=1d38202733dfcaac937ce3cfaef9ac5928cf0e80
-> GET /v1/api/one/user,200|245ms
-> request: /v1/api/iserver/auth/status
-> GET /v1/api/iserver/auth/status,200|44ms
-> request: /v1/api/iserver/auth/ssodh/init
-> POST https://api.ibkr.com/v1/api/iserver/auth/ssodh/init,200|962ms
-> request: /v1/api/iserver/auth/ssodh/response
-> POST https://api.ibkr.com/v1/api/iserver/auth/ssodh/response,200|61ms
-> request: /v1/api/iserver/accounts
-> GET /v1/api/iserver/accounts,200|52ms
-> request: /v1/api/tickle
-> GET /v1/api/tickle,200|184ms
-> request: /v1/api/tickle
-> GET /v1/api/tickle,200|344ms
-> request: /v1/api/tickle
-> GET /v1/api/tickle,200|463ms
-> request: /v1/api/tickle
-> GET /v1/api/tickle,200|474ms
-> request: /v1/api/tickle
-> GET /v1/api/tickle,200|448ms
-> request: /v1/api/tickle
-> GET /v1/api/tickle,200|151ms
-> GET /sso/Login?forwardTo=22&RL=1&ip2loc=US
<- 200 GET /sso/Login?forwardTo=22&RL=1&ip2loc=US
-> GET /sso/Templates/otp-responsive.css?1597246534929
-> GET /sso/CombineFiles
<- 200 GET /sso/Templates/otp-responsive.css?1597246534929
<- 200 GET /sso/CombineFiles
-> POST /sso/Authenticator;jsessionid=9B045A1D74FA486221CC1A90EBC48918.ny5wwwdamsso1?21016
<- 200 POST /sso/Authenticator;jsessionid=9B045A1D74FA486221CC1A90EBC48918.ny5wwwdamsso1?21016
-> POST /sso/Authenticator;jsessionid=9B045A1D74FA486221CC1A90EBC48918.ny5wwwdamsso1?39120
<- 200 POST /sso/Authenticator;jsessionid=9B045A1D74FA486221CC1A90EBC48918.ny5wwwdamsso1?39120
-> POST /sso/Dispatcher;jsessionid=9B045A1D74FA486221CC1A90EBC48918.ny5wwwdamsso1
<- 200 POST /sso/Dispatcher;jsessionid=9B045A1D74FA486221CC1A90EBC48918.ny5wwwdamsso1
-> GET /sso/Templates/otp-responsive.css?1597246550246
-> GET /sso/CombineFiles
<- 200 GET /sso/Templates/otp-responsive.css?1597246550246
<- 200 GET /sso/CombineFiles
-> POST /sso/Authenticator?80806
<- 200 POST /sso/Authenticator?80806
-> POST /sso/Authenticator?99747
<- 200 POST /sso/Authenticator?99747
-> POST /sso/Dispatcher
<- 302 POST /sso/Dispatcher
-> request: /v1/api/sso/validate?gw=1
-> request: /AccountManagement/OneBarAuthentication?json=1
-> GET /AccountManagement/OneBarAuthentication?json=1,404|145ms
-> GET /v1/api/sso/validate?gw=1,200|221ms
-> request: /v1/api/one/user
-> request: /sso/AuthenticateSSODH?ACTION=INIT
-> sso GET https://api.ibkr.com/sso/AuthenticateSSODH?ACTION=INIT
-> request: /sso/AuthenticateSSODH?ACTION=COMPLETE&B=58f16374286e55692f58b63f5cf7dadaf6938652bf561a64d25360885cec3f60e177caeef3a21fde6f0894106b05748a304ed39480fc0d5de683f6101b766a88&CHRESPONSE=4e0750c27fd61b630d8b13cb4e81c9551919f547
-> sso GET https://api.ibkr.com/sso/AuthenticateSSODH?ACTION=COMPLETE&B=58f16374286e55692f58b63f5cf7dadaf6938652bf561a64d25360885cec3f60e177caeef3a21fde6f0894106b05748a304ed39480fc0d5de683f6101b766a88&CHRESPONSE=4e0750c27fd61b630d8b13cb4e81c9551919f547
-> GET /v1/api/one/user,200|438ms
-> request: /v1/api/iserver/auth/status
-> GET /v1/api/iserver/auth/status,200|60ms
-> request: /v1/api/iserver/auth/ssodh/init
-> POST https://api.ibkr.com/v1/api/iserver/auth/ssodh/init,200|120ms
-> request: /v1/api/iserver/auth/ssodh/response
-> POST https://api.ibkr.com/v1/api/iserver/auth/ssodh/response,200|62ms
-> request: /v1/api/iserver/accounts
-> GET /v1/api/iserver/accounts,200|48ms
-> POST /v1/portal/iserver/secdef/search
<- 200 POST /v1/portal/iserver/secdef/search
-> request: /v1/api/tickle
-> GET /v1/api/tickle,200|178ms
-> POST /v1/portal/iserver/secdef/search
<- 200 POST /v1/portal/iserver/secdef/search
-> request: /v1/api/tickle
-> GET /v1/api/tickle,200|204ms
-> GET /sso/Login?forwardTo=22&RL=1&ip2loc=US
<- 200 GET /sso/Login?forwardTo=22&RL=1&ip2loc=US
-> GET /sso/Templates/otp-responsive.css?1597248128478
-> GET /sso/CombineFiles
<- 200 GET /sso/Templates/otp-responsive.css?1597248128478
<- 200 GET /sso/CombineFiles
-> POST /sso/Authenticator;jsessionid=BD0CB2FA9EE371A93E7B07AF1FD835D3.ny5wwwdamsso1?7457
<- 200 POST /sso/Authenticator;jsessionid=BD0CB2FA9EE371A93E7B07AF1FD835D3.ny5wwwdamsso1?7457
-> POST /sso/Authenticator;jsessionid=BD0CB2FA9EE371A93E7B07AF1FD835D3.ny5wwwdamsso1?25769
<- 200 POST /sso/Authenticator;jsessionid=BD0CB2FA9EE371A93E7B07AF1FD835D3.ny5wwwdamsso1?25769
-> POST /sso/Dispatcher;jsessionid=BD0CB2FA9EE371A93E7B07AF1FD835D3.ny5wwwdamsso1
<- 200 POST /sso/Dispatcher;jsessionid=BD0CB2FA9EE371A93E7B07AF1FD835D3.ny5wwwdamsso1
-> GET /sso/Templates/otp-responsive.css?1597248140116
-> GET /sso/CombineFiles
<- 200 GET /sso/Templates/otp-responsive.css?1597248140116
<- 200 GET /sso/CombineFiles
-> POST /sso/Authenticator?40206
<- 200 POST /sso/Authenticator?40206
-> POST /sso/Authenticator?52461
<- 200 POST /sso/Authenticator?52461
-> POST /sso/Dispatcher
<- 302 POST /sso/Dispatcher
-> request: /v1/api/sso/validate?gw=1
-> request: /AccountManagement/OneBarAuthentication?json=1
-> GET /AccountManagement/OneBarAuthentication?json=1,404|157ms
-> GET /v1/api/sso/validate?gw=1,200|204ms
-> request: /v1/api/one/user
-> request: /sso/AuthenticateSSODH?ACTION=INIT
-> sso GET https://api.ibkr.com/sso/AuthenticateSSODH?ACTION=INIT
-> GET /v1/api/one/user,200|51ms
-> request: /sso/AuthenticateSSODH?ACTION=COMPLETE&B=86210574b7ab156c27f85e4f032c4d4437723212655afea71a45090130c70201a38c4f1bf8e439149130742e27539c6f8ee4d4ae8a01862975b3a0e63b4462df&CHRESPONSE=d647fafebcc3c54b46020898ee18d4fe0a67cb6f
-> sso GET https://api.ibkr.com/sso/AuthenticateSSODH?ACTION=COMPLETE&B=86210574b7ab156c27f85e4f032c4d4437723212655afea71a45090130c70201a38c4f1bf8e439149130742e27539c6f8ee4d4ae8a01862975b3a0e63b4462df&CHRESPONSE=d647fafebcc3c54b46020898ee18d4fe0a67cb6f
-> request: /v1/api/iserver/auth/status
-> GET /v1/api/iserver/auth/status,200|115ms
-> request: /v1/api/iserver/auth/ssodh/init
-> POST https://api.ibkr.com/v1/api/iserver/auth/ssodh/init,200|182ms
-> request: /v1/api/iserver/auth/ssodh/response
-> POST https://api.ibkr.com/v1/api/iserver/auth/ssodh/response,200|105ms
-> request: /v1/api/iserver/accounts
-> GET /v1/api/iserver/accounts,200|108ms
-> request: /v1/api/tickle
-> GET /v1/api/tickle,200|196ms
-> request: /v1/api/tickle
-> GET /v1/api/tickle,200|207ms
-> request: /v1/api/tickle
-> GET /v1/api/tickle,200|168ms
-> request: /v1/api/tickle
-> GET /v1/api/tickle,200|175ms
-> request: /v1/api/tickle
-> GET /v1/api/tickle,200|327ms
-> request: /v1/api/tickle
-> GET /v1/api/tickle,200|313ms
-> request: /v1/api/tickle
-> GET /v1/api/tickle,200|446ms
-> request: /v1/api/tickle
-> GET /v1/api/tickle,200|193ms
-> request: /v1/api/tickle
-> GET /v1/api/tickle,200|203ms
-> request: /sso/ping
-> GET /sso/ping,200|317ms
-> request: /v1/api/tickle
-> GET /v1/api/tickle,200|44ms
-> request: /v1/api/tickle
-> GET /v1/api/tickle,200|465ms
-> request: /v1/api/tickle
-> GET /v1/api/tickle,200|165ms
-> request: /v1/api/tickle
-> GET /v1/api/tickle,200|245ms
-> request: /v1/api/tickle
-> GET /v1/api/tickle,200|420ms
-> request: /v1/api/tickle
-> GET /v1/api/tickle,200|667ms
-> request: /v1/api/tickle
-> GET /v1/api/tickle,200|194ms
-> request: /v1/api/tickle
-> GET /v1/api/tickle,200|214ms
-> request: /v1/api/tickle
-> GET /v1/api/tickle,200|165ms
-> request: /v1/api/tickle
-> GET /v1/api/tickle,200|203ms
-> request: /sso/ping
-> GET /sso/ping,200|230ms
-> request: /v1/api/tickle
-> GET /v1/api/tickle,200|110ms
-> request: /v1/api/tickle
-> GET /v1/api/tickle,200|268ms
-> request: /v1/api/tickle
-> GET /v1/api/tickle,200|190ms
-> request: /v1/api/tickle
-> GET /v1/api/tickle,200|595ms
-> request: /v1/api/tickle
-> GET /v1/api/tickle,200|148ms
-> request: /v1/api/tickle
-> GET /v1/api/tickle,200|180ms
-> request: /v1/api/tickle
-> GET /v1/api/tickle,200|167ms
-> request: /v1/api/tickle
-> GET /v1/api/tickle,200|201ms
-> request: /v1/api/tickle
-> GET /v1/api/tickle,200|174ms
-> request: /v1/api/tickle
-> GET /v1/api/tickle,200|208ms
-> request: /sso/ping
-> GET /sso/ping,200|523ms
-> request: /v1/api/tickle
-> GET /v1/api/tickle,200|1063ms
-> request: /v1/api/tickle
-> GET /v1/api/tickle,200|244ms
-> request: /v1/api/tickle
-> GET /v1/api/tickle,200|389ms
-> request: /v1/api/tickle
-> GET /v1/api/tickle,200|259ms
-> request: /v1/api/tickle
-> GET /v1/api/tickle,200|259ms
-> request: /v1/api/tickle
-> GET /v1/api/tickle,200|317ms
-> request: /v1/api/tickle
-> GET /v1/api/tickle,200|253ms
-> request: /v1/api/tickle
-> GET /v1/api/tickle,200|184ms
-> request: /v1/api/tickle
-> GET /v1/api/tickle,200|207ms
-> request: /v1/api/tickle
-> GET /v1/api/tickle,200|227ms
-> request: /sso/ping
-> GET /sso/ping,200|165ms
-> request: /v1/api/tickle
-> GET /v1/api/tickle,200|42ms
-> request: /v1/api/tickle
-> GET /v1/api/tickle,200|151ms
-> request: /v1/api/tickle
-> GET /v1/api/tickle,200|159ms
-> request: /v1/api/tickle
-> GET /v1/api/tickle,200|229ms
-> request: /v1/api/tickle
-> GET /v1/api/tickle,200|542ms
-> request: /v1/api/tickle
-> GET /v1/api/tickle,200|323ms
-> request: /v1/api/tickle
-> GET /v1/api/tickle,200|244ms
-> request: /v1/api/tickle
-> GET /v1/api/tickle,200|341ms
-> request: /v1/api/tickle
-> GET /v1/api/tickle,200|180ms
-> request: /v1/api/tickle
-> GET /v1/api/tickle,200|142ms
-> request: /sso/ping
-> GET /sso/ping,200|267ms
-> request: /v1/api/tickle
-> GET /v1/api/tickle,200|57ms
-> request: /v1/api/tickle
-> GET /v1/api/tickle,200|216ms
-> request: /v1/api/tickle
-> GET /v1/api/tickle,200|286ms
-> request: /v1/api/tickle
-> GET /v1/api/tickle,200|229ms
-> request: /v1/api/tickle
-> GET /v1/api/tickle,200|179ms
-> request: /v1/api/tickle
-> GET /v1/api/tickle,200|1193ms
-> request: /v1/api/tickle
-> GET /v1/api/tickle,200|335ms
-> request: /v1/api/tickle
-> GET /v1/api/tickle,200|256ms
-> request: /v1/api/tickle
-> GET /v1/api/tickle,200|218ms
-> request: /v1/api/tickle
-> GET /v1/api/tickle,200|216ms
-> request: /sso/ping
-> GET /sso/ping,200|465ms
-> request: /v1/api/tickle
-> GET /v1/api/tickle,200|90ms
-> request: /v1/api/tickle
-> GET /v1/api/tickle,200|162ms
-> request: /v1/api/tickle
-> GET /v1/api/tickle,200|157ms
-> request: /v1/api/tickle
-> GET /v1/api/tickle,200|178ms
-> request: /v1/api/tickle
-> GET /v1/api/tickle,200|480ms
-> request: /v1/api/tickle
-> GET /v1/api/tickle,200|483ms
-> request: /v1/api/tickle
-> GET /v1/api/tickle,200|464ms
-> GET /sso/Login?forwardTo=22&RL=1&ip2loc=US
<- 200 GET /sso/Login?forwardTo=22&RL=1&ip2loc=US
-> GET /sso/Templates/otp-responsive.css?1597250168889
-> GET /sso/CombineFiles
<- 200 GET /sso/Templates/otp-responsive.css?1597250168889
<- 200 GET /sso/CombineFiles
-> request: /v1/api/tickle
-> GET /v1/api/tickle,200|351ms
-> POST /sso/Authenticator?29038
<- 200 POST /sso/Authenticator?29038
-> POST /sso/Authenticator?57194
<- 200 POST /sso/Authenticator?57194
-> POST /sso/Dispatcher
<- 200 POST /sso/Dispatcher
-> GET /sso/Templates/otp-responsive.css?1597250194578
-> GET /sso/CombineFiles
<- 200 GET /sso/Templates/otp-responsive.css?1597250194578
<- 200 GET /sso/CombineFiles
-> request: /v1/api/tickle
-> GET /v1/api/tickle,200|166ms
-> POST /sso/Authenticator?74208
<- 200 POST /sso/Authenticator?74208
-> POST /sso/Authenticator?81023
<- 200 POST /sso/Authenticator?81023
-> POST /sso/Dispatcher
<- 302 POST /sso/Dispatcher
-> request: /v1/api/sso/validate?gw=1
-> request: /AccountManagement/OneBarAuthentication?json=1
-> GET /AccountManagement/OneBarAuthentication?json=1,404|670ms
-> GET /v1/api/sso/validate?gw=1,200|754ms
-> request: /v1/api/one/user
-> request: /sso/AuthenticateSSODH?ACTION=INIT
-> sso GET https://api.ibkr.com/sso/AuthenticateSSODH?ACTION=INIT
-> GET /v1/api/one/user,200|156ms
-> request: /sso/AuthenticateSSODH?ACTION=COMPLETE&B=36be551d85998f0cff740fb3480b5cc8c3cdef8adbe7f6f43f0b1fd29a582a9cc2dc5f40f7dfe4f8a15e74f6846a4c1468b9979f6dd44b48856a061266d785fe&CHRESPONSE=ff25dca24f039d6c42db96a2635261ee6e3db841
-> sso GET https://api.ibkr.com/sso/AuthenticateSSODH?ACTION=COMPLETE&B=36be551d85998f0cff740fb3480b5cc8c3cdef8adbe7f6f43f0b1fd29a582a9cc2dc5f40f7dfe4f8a15e74f6846a4c1468b9979f6dd44b48856a061266d785fe&CHRESPONSE=ff25dca24f039d6c42db96a2635261ee6e3db841
-> POST /v1/portal/iserver/secdef/search
-> request: /v1/api/iserver/auth/status
-> GET /v1/api/iserver/auth/status,200|128ms
-> request: /v1/api/iserver/accounts
<- 200 POST /v1/portal/iserver/secdef/search
-> POST /v1/portal/logout
-> GET /v1/api/iserver/accounts,200|99ms
<- 200 POST /v1/portal/logout
-> request: /v1/api/tickle
-> GET /v1/api/tickle,200|272ms
-> request: /v1/api/tickle
-> GET /v1/api/tickle,200|176ms
-> request: /v1/api/tickle
-> GET /v1/api/tickle,200|162ms
-> request: /v1/api/tickle
-> GET /v1/api/tickle,200|225ms
-> request: /v1/api/tickle
-> GET /v1/api/tickle,200|174ms
-> request: /v1/api/tickle
-> GET /v1/api/tickle,200|199ms
-> GET /sso/Login?forwardTo=22&RL=1&ip2loc=US
<- 200 GET /sso/Login?forwardTo=22&RL=1&ip2loc=US
-> GET /sso/CombineFiles
-> GET /sso/Templates/otp-responsive.css?1597250401568
<- 200 GET /sso/CombineFiles
<- 200 GET /sso/Templates/otp-responsive.css?1597250401568
-> POST /sso/Authenticator?76195
<- 200 POST /sso/Authenticator?76195
-> request: /v1/api/tickle
-> GET /v1/api/tickle,200|176ms
-> POST /sso/Authenticator?55088
<- 200 POST /sso/Authenticator?55088
-> POST /sso/Dispatcher
<- 200 POST /sso/Dispatcher
-> GET /sso/Templates/otp-responsive.css?1597250415267
-> GET /sso/CombineFiles
<- 200 GET /sso/Templates/otp-responsive.css?1597250415267
<- 200 GET /sso/CombineFiles
-> POST /sso/Authenticator?76102
<- 200 POST /sso/Authenticator?76102
-> POST /sso/Authenticator?71311
<- 200 POST /sso/Authenticator?71311
-> POST /sso/Dispatcher
<- 302 POST /sso/Dispatcher
-> request: /v1/api/sso/validate?gw=1
-> request: /AccountManagement/OneBarAuthentication?json=1
-> GET /AccountManagement/OneBarAuthentication?json=1,404|150ms
-> GET /v1/api/sso/validate?gw=1,200|191ms
-> request: /v1/api/one/user
-> request: /sso/AuthenticateSSODH?ACTION=INIT
-> sso GET https://api.ibkr.com/sso/AuthenticateSSODH?ACTION=INIT
-> GET /v1/api/one/user,200|45ms
-> request: /sso/AuthenticateSSODH?ACTION=COMPLETE&B=95c8023f3029f8b9b13d55f0fbb2d840a9360acc02e3fa6deb44918bc9a0e51aa7c1edaca7acedb7830d974ae80163fde7602e910c779113dbfb4cfadd58d0e8&CHRESPONSE=474f78b4a8a0c448a510802fd32f1234ce52c071
-> sso GET https://api.ibkr.com/sso/AuthenticateSSODH?ACTION=COMPLETE&B=95c8023f3029f8b9b13d55f0fbb2d840a9360acc02e3fa6deb44918bc9a0e51aa7c1edaca7acedb7830d974ae80163fde7602e910c779113dbfb4cfadd58d0e8&CHRESPONSE=474f78b4a8a0c448a510802fd32f1234ce52c071
-> request: /v1/api/iserver/auth/status
-> GET /v1/api/iserver/auth/status,200|45ms
-> request: /v1/api/iserver/auth/ssodh/init
-> POST https://api.ibkr.com/v1/api/iserver/auth/ssodh/init,200|116ms
-> request: /v1/api/iserver/auth/ssodh/response
-> POST https://api.ibkr.com/v1/api/iserver/auth/ssodh/response,200|65ms
-> request: /v1/api/iserver/accounts
-> GET /v1/api/iserver/accounts,200|39ms
-> POST /v1/portal/iserver/secdef/search
<- 200 POST /v1/portal/iserver/secdef/search
-> POST /v1/portal/logout
<- 200 POST /v1/portal/logout
-> request: /v1/api/tickle
-> GET /v1/api/tickle,200|175ms
-> request: /v1/api/tickle
-> GET /v1/api/tickle,200|143ms
-> request: /v1/api/tickle
-> GET /v1/api/tickle,200|216ms
-> request: /v1/api/tickle
-> GET /v1/api/tickle,200|176ms
-> request: /v1/api/tickle
-> GET /v1/api/tickle,200|201ms
-> request: /v1/api/tickle
-> GET /v1/api/tickle,200|234ms
-> request: /v1/api/tickle
-> GET /v1/api/tickle,200|147ms
-> request: /v1/api/tickle
-> GET /v1/api/tickle,200|181ms
-> request: /v1/api/tickle
-> GET /v1/api/tickle,200|182ms
-> request: /v1/api/tickle
-> GET /v1/api/tickle,200|196ms
-> request: /sso/ping
-> GET /sso/ping,200|167ms
-> request: /v1/api/tickle
-> GET /v1/api/tickle,200|191ms
-> request: /v1/api/tickle
-> GET /v1/api/tickle,200|406ms
-> request: /v1/api/tickle
-> GET /v1/api/tickle,200|391ms
-> request: /v1/api/tickle
-> GET /v1/api/tickle,200|442ms
-> request: /v1/api/tickle
-> GET /v1/api/tickle,200|365ms
-> request: /v1/api/tickle
-> GET /v1/api/tickle,200|266ms
-> GET /sso/Login?forwardTo=22&RL=1&ip2loc=US
uri /sso/Login?forwardTo=22&RL=1&ip2loc=US failed
io.vertx.core.VertxException: Connection was closed
	at io.vertx.core.http.impl.ClientConnection.handleClosed(ClientConnection.java:406) ~[vertx-core-3.5.0.jar:na]
	at io.vertx.core.impl.ContextImpl.lambda$wrapTask$2(ContextImpl.java:342) ~[vertx-core-3.5.0.jar:na]
	at io.vertx.core.impl.ContextImpl.executeFromIO(ContextImpl.java:200) ~[vertx-core-3.5.0.jar:na]
	at io.vertx.core.net.impl.VertxHandler.channelInactive(VertxHandler.java:134) ~[vertx-core-3.5.0.jar:na]
	at io.netty.channel.AbstractChannelHandlerContext.invokeChannelInactive(AbstractChannelHandlerContext.java:245) ~[netty-transport-4.1.15.Final.jar:4.1.15.Final]
	at io.netty.channel.AbstractChannelHandlerContext.invokeChannelInactive(AbstractChannelHandlerContext.java:231) ~[netty-transport-4.1.15.Final.jar:4.1.15.Final]
	at io.netty.channel.AbstractChannelHandlerContext.fireChannelInactive(AbstractChannelHandlerContext.java:224) ~[netty-transport-4.1.15.Final.jar:4.1.15.Final]
	at io.netty.channel.CombinedChannelDuplexHandler$DelegatingChannelHandlerContext.fireChannelInactive(CombinedChannelDuplexHandler.java:420) ~[netty-transport-4.1.15.Final.jar:4.1.15.Final]
	at io.netty.handler.codec.ByteToMessageDecoder.channelInputClosed(ByteToMessageDecoder.java:377) ~[netty-codec-4.1.15.Final.jar:4.1.15.Final]
	at io.netty.handler.codec.ByteToMessageDecoder.channelInactive(ByteToMessageDecoder.java:342) ~[netty-codec-4.1.15.Final.jar:4.1.15.Final]
	at io.netty.handler.codec.http.HttpClientCodec$Decoder.channelInactive(HttpClientCodec.java:281) ~[netty-codec-http-4.1.15.Final.jar:4.1.15.Final]
	at io.netty.channel.CombinedChannelDuplexHandler.channelInactive(CombinedChannelDuplexHandler.java:223) ~[netty-transport-4.1.15.Final.jar:4.1.15.Final]
	at io.netty.channel.AbstractChannelHandlerContext.invokeChannelInactive(AbstractChannelHandlerContext.java:245) ~[netty-transport-4.1.15.Final.jar:4.1.15.Final]
	at io.netty.channel.AbstractChannelHandlerContext.invokeChannelInactive(AbstractChannelHandlerContext.java:231) ~[netty-transport-4.1.15.Final.jar:4.1.15.Final]
	at io.netty.channel.AbstractChannelHandlerContext.fireChannelInactive(AbstractChannelHandlerContext.java:224) ~[netty-transport-4.1.15.Final.jar:4.1.15.Final]
	at io.netty.handler.codec.ByteToMessageDecoder.channelInputClosed(ByteToMessageDecoder.java:377) ~[netty-codec-4.1.15.Final.jar:4.1.15.Final]
	at io.netty.handler.codec.ByteToMessageDecoder.channelInactive(ByteToMessageDecoder.java:342) ~[netty-codec-4.1.15.Final.jar:4.1.15.Final]
	at io.netty.handler.ssl.SslHandler.channelInactive(SslHandler.java:978) ~[netty-handler-4.1.15.Final.jar:4.1.15.Final]
	at io.netty.channel.AbstractChannelHandlerContext.invokeChannelInactive(AbstractChannelHandlerContext.java:245) ~[netty-transport-4.1.15.Final.jar:4.1.15.Final]
	at io.netty.channel.AbstractChannelHandlerContext.invokeChannelInactive(AbstractChannelHandlerContext.java:231) ~[netty-transport-4.1.15.Final.jar:4.1.15.Final]
	at io.netty.channel.AbstractChannelHandlerContext.fireChannelInactive(AbstractChannelHandlerContext.java:224) ~[netty-transport-4.1.15.Final.jar:4.1.15.Final]
	at io.netty.channel.DefaultChannelPipeline$HeadContext.channelInactive(DefaultChannelPipeline.java:1354) ~[netty-transport-4.1.15.Final.jar:4.1.15.Final]
	at io.netty.channel.AbstractChannelHandlerContext.invokeChannelInactive(AbstractChannelHandlerContext.java:245) ~[netty-transport-4.1.15.Final.jar:4.1.15.Final]
	at io.netty.channel.AbstractChannelHandlerContext.invokeChannelInactive(AbstractChannelHandlerContext.java:231) ~[netty-transport-4.1.15.Final.jar:4.1.15.Final]
	at io.netty.channel.DefaultChannelPipeline.fireChannelInactive(DefaultChannelPipeline.java:917) ~[netty-transport-4.1.15.Final.jar:4.1.15.Final]
	at io.netty.channel.AbstractChannel$AbstractUnsafe$7.run(AbstractChannel.java:763) ~[netty-transport-4.1.15.Final.jar:4.1.15.Final]
	at io.netty.util.concurrent.AbstractEventExecutor.safeExecute(AbstractEventExecutor.java:163) ~[netty-common-4.1.15.Final.jar:4.1.15.Final]
	at io.netty.util.concurrent.SingleThreadEventExecutor.runAllTasks(SingleThreadEventExecutor.java:403) ~[netty-common-4.1.15.Final.jar:4.1.15.Final]
	at io.netty.channel.nio.NioEventLoop.run(NioEventLoop.java:463) ~[netty-transport-4.1.15.Final.jar:4.1.15.Final]
	at io.netty.util.concurrent.SingleThreadEventExecutor$5.run(SingleThreadEventExecutor.java:858) ~[netty-common-4.1.15.Final.jar:4.1.15.Final]
	at java.base/java.lang.Thread.run(Thread.java:832) ~[na:na]
-> GET /sso/Login?forwardTo=22&RL=1&ip2loc=US
<- 200 GET /sso/Login?forwardTo=22&RL=1&ip2loc=US
-> GET /sso/Templates/otp-responsive.css?1597250907078
-> GET /sso/CombineFiles
<- 200 GET /sso/Templates/otp-responsive.css?1597250907078
<- 200 GET /sso/CombineFiles
-> POST /sso/Authenticator?56893
<- 200 POST /sso/Authenticator?56893
-> request: /v1/api/tickle
-> GET /v1/api/tickle,200|324ms
-> POST /sso/Authenticator?93855
<- 200 POST /sso/Authenticator?93855
-> POST /sso/Dispatcher
<- 200 POST /sso/Dispatcher
-> GET /sso/Templates/otp-responsive.css?1597250923627
-> GET /sso/CombineFiles
<- 200 GET /sso/Templates/otp-responsive.css?1597250923627
<- 200 GET /sso/CombineFiles
-> POST /sso/Authenticator?33664
<- 200 POST /sso/Authenticator?33664
-> POST /sso/Authenticator?12589
<- 200 POST /sso/Authenticator?12589
-> POST /sso/Dispatcher
<- 302 POST /sso/Dispatcher
-> request: /v1/api/sso/validate?gw=1
-> request: /AccountManagement/OneBarAuthentication?json=1
-> GET /AccountManagement/OneBarAuthentication?json=1,404|379ms
-> GET /v1/api/sso/validate?gw=1,200|404ms
-> request: /v1/api/one/user
-> request: /sso/AuthenticateSSODH?ACTION=INIT
-> sso GET https://api.ibkr.com/sso/AuthenticateSSODH?ACTION=INIT
-> GET /v1/api/one/user,200|44ms
-> request: /sso/AuthenticateSSODH?ACTION=COMPLETE&B=2f62a4f1b927f391b920600783b37b31e5cf771612fc1f47b7514e84692d6d883f0842a7243579c8764c1a6259eb6a8ef738635acb83e05a6f4d7b2587dd6bb8&CHRESPONSE=874a2eedf6c2143496220e8ecba1c7a6ec2a7f4d
-> sso GET https://api.ibkr.com/sso/AuthenticateSSODH?ACTION=COMPLETE&B=2f62a4f1b927f391b920600783b37b31e5cf771612fc1f47b7514e84692d6d883f0842a7243579c8764c1a6259eb6a8ef738635acb83e05a6f4d7b2587dd6bb8&CHRESPONSE=874a2eedf6c2143496220e8ecba1c7a6ec2a7f4d
-> request: /v1/api/iserver/auth/status
-> GET /v1/api/iserver/auth/status,200|53ms
-> request: /v1/api/iserver/auth/ssodh/init
-> POST https://api.ibkr.com/v1/api/iserver/auth/ssodh/init,200|113ms
-> request: /v1/api/iserver/auth/ssodh/response
-> POST https://api.ibkr.com/v1/api/iserver/auth/ssodh/response,200|68ms
-> request: /v1/api/iserver/accounts
-> GET /v1/api/iserver/accounts,200|49ms
-> POST /v1/portal/iserver/secdef/search
<- 200 POST /v1/portal/iserver/secdef/search
-> POST /v1/portal/logout
<- 200 POST /v1/portal/logout
-> request: /v1/api/tickle
-> GET /v1/api/tickle,200|358ms
-> request: /v1/api/tickle
-> GET /v1/api/tickle,200|199ms
-> request: /v1/api/tickle
-> GET /v1/api/tickle,200|524ms
-> GET /sso/Login?forwardTo=22&RL=1&ip2loc=US
<- 200 GET /sso/Login?forwardTo=22&RL=1&ip2loc=US
-> GET /sso/CombineFiles
-> GET /sso/Templates/otp-responsive.css?1597251025539
<- 200 GET /sso/CombineFiles
<- 200 GET /sso/Templates/otp-responsive.css?1597251025539
-> POST /sso/Authenticator?37971
<- 200 POST /sso/Authenticator?37971
-> request: /v1/api/tickle
-> GET /v1/api/tickle,200|555ms
-> POST /sso/Authenticator?28824
<- 200 POST /sso/Authenticator?28824
-> POST /sso/Dispatcher
<- 200 POST /sso/Dispatcher
-> GET /sso/Templates/otp-responsive.css?1597251044017
-> GET /sso/CombineFiles
<- 200 GET /sso/Templates/otp-responsive.css?1597251044017
<- 200 GET /sso/CombineFiles
-> POST /sso/Authenticator?46896
<- 200 POST /sso/Authenticator?46896
-> POST /sso/Authenticator?22431
<- 200 POST /sso/Authenticator?22431
-> POST /sso/Dispatcher
<- 302 POST /sso/Dispatcher
-> request: /v1/api/sso/validate?gw=1
-> request: /AccountManagement/OneBarAuthentication?json=1
-> GET /v1/api/sso/validate?gw=1,200|188ms
-> request: /v1/api/one/user
-> request: /sso/AuthenticateSSODH?ACTION=INIT
-> sso GET https://api.ibkr.com/sso/AuthenticateSSODH?ACTION=INIT
-> GET /AccountManagement/OneBarAuthentication?json=1,404|154ms
-> GET /v1/api/one/user,200|101ms
-> request: /sso/AuthenticateSSODH?ACTION=COMPLETE&B=3735d3c7d6189ef1daa7159c10fc094367cdeb28e5778c6bba28e97db9aac223ea6b457b1528806fc9d64e431812307d1ff96fdde8b29ca705d54158d9ed974b&CHRESPONSE=67deef5e5d1208d47c736f23842e784e302ee1c3
-> sso GET https://api.ibkr.com/sso/AuthenticateSSODH?ACTION=COMPLETE&B=3735d3c7d6189ef1daa7159c10fc094367cdeb28e5778c6bba28e97db9aac223ea6b457b1528806fc9d64e431812307d1ff96fdde8b29ca705d54158d9ed974b&CHRESPONSE=67deef5e5d1208d47c736f23842e784e302ee1c3
-> POST /v1/portal/iserver/secdef/search
<- 400 POST /v1/portal/iserver/secdef/search
-> POST /v1/portal/logout
<- 200 POST /v1/portal/logout
-> request: /v1/api/iserver/auth/status
-> GET /v1/api/iserver/auth/status,401|45ms
-> request: /v1/api/tickle
-> GET /v1/api/tickle,200|157ms
-> request: /v1/api/tickle
-> GET /v1/api/tickle,200|191ms
-> GET /sso/Login?forwardTo=22&RL=1&ip2loc=US
<- 200 GET /sso/Login?forwardTo=22&RL=1&ip2loc=US
-> GET /sso/CombineFiles
-> GET /sso/Templates/otp-responsive.css?1597251115349
<- 200 GET /sso/CombineFiles
<- 200 GET /sso/Templates/otp-responsive.css?1597251115349
-> GET /sso/Login?forwardTo=22&RL=1&ip2loc=US
<- 200 GET /sso/Login?forwardTo=22&RL=1&ip2loc=US
-> GET /sso/CombineFiles
-> GET /sso/Templates/otp-responsive.css?1597251120049
<- 200 GET /sso/Templates/otp-responsive.css?1597251120049
<- 200 GET /sso/CombineFiles
-> POST /sso/Authenticator?39607
<- 200 POST /sso/Authenticator?39607
-> request: /v1/api/tickle
-> GET /v1/api/tickle,200|118ms
-> POST /sso/Authenticator?55097
<- 200 POST /sso/Authenticator?55097
-> POST /sso/Dispatcher
<- 200 POST /sso/Dispatcher
-> GET /sso/Templates/otp-responsive.css?1597251134017
-> GET /sso/CombineFiles
<- 200 GET /sso/Templates/otp-responsive.css?1597251134017
<- 200 GET /sso/CombineFiles
-> POST /sso/Authenticator?45803
<- 200 POST /sso/Authenticator?45803
-> POST /sso/Authenticator?77571
<- 200 POST /sso/Authenticator?77571
-> POST /sso/Dispatcher
<- 302 POST /sso/Dispatcher
-> request: /v1/api/sso/validate?gw=1
-> request: /AccountManagement/OneBarAuthentication?json=1
-> GET /AccountManagement/OneBarAuthentication?json=1,404|328ms
-> GET /v1/api/sso/validate?gw=1,200|368ms
-> request: /v1/api/one/user
-> request: /sso/AuthenticateSSODH?ACTION=INIT
-> sso GET https://api.ibkr.com/sso/AuthenticateSSODH?ACTION=INIT
-> GET /v1/api/one/user,200|49ms
-> request: /sso/AuthenticateSSODH?ACTION=COMPLETE&B=1d56a915c4fc4fdbf1670a32501aaa6567eaf9ddb15e961dae2bd7f6ebe74f243d84fec8edacd7d60041704841418507250a2d62b71b7944508813aa6eb7eeae&CHRESPONSE=edeb93a0d33c1fc7c10cca0c374c46ae76dc0c30
-> sso GET https://api.ibkr.com/sso/AuthenticateSSODH?ACTION=COMPLETE&B=1d56a915c4fc4fdbf1670a32501aaa6567eaf9ddb15e961dae2bd7f6ebe74f243d84fec8edacd7d60041704841418507250a2d62b71b7944508813aa6eb7eeae&CHRESPONSE=edeb93a0d33c1fc7c10cca0c374c46ae76dc0c30
-> request: /v1/api/iserver/auth/status
-> GET /v1/api/iserver/auth/status,200|49ms
-> request: /v1/api/iserver/auth/ssodh/init
-> POST https://api.ibkr.com/v1/api/iserver/auth/ssodh/init,200|114ms
-> request: /v1/api/iserver/auth/ssodh/response
-> POST https://api.ibkr.com/v1/api/iserver/auth/ssodh/response,200|68ms
-> request: /v1/api/iserver/accounts
-> GET /v1/api/iserver/accounts,200|48ms
-> POST /v1/portal/iserver/secdef/search
<- 200 POST /v1/portal/iserver/secdef/search
-> POST /v1/portal/logout
<- 200 POST /v1/portal/logout
-> request: /v1/api/tickle
-> GET /v1/api/tickle,200|180ms
-> request: /v1/api/tickle
-> GET /v1/api/tickle,200|192ms
-> request: /v1/api/tickle
-> GET /v1/api/tickle,200|203ms
-> request: /v1/api/tickle
-> GET /v1/api/tickle,200|210ms
-> request: /v1/api/tickle
-> GET /v1/api/tickle,200|153ms
-> request: /v1/api/tickle
-> GET /v1/api/tickle,200|161ms
-> GET /sso/Login?forwardTo=22&RL=1&ip2loc=US
<- 200 GET /sso/Login?forwardTo=22&RL=1&ip2loc=US
-> GET /sso/CombineFiles
-> GET /sso/Templates/otp-responsive.css?1597251338191
<- 200 GET /sso/CombineFiles
<- 200 GET /sso/Templates/otp-responsive.css?1597251338191
-> request: /v1/api/tickle
-> GET /v1/api/tickle,200|151ms
-> POST /sso/Authenticator?85878
<- 200 POST /sso/Authenticator?85878
-> POST /sso/Authenticator?45927
<- 200 POST /sso/Authenticator?45927
-> POST /sso/Authenticator?22658
<- 200 POST /sso/Authenticator?22658
-> POST /sso/Authenticator?59965
-> request: /v1/api/tickle
<- 200 POST /sso/Authenticator?59965
-> GET /v1/api/tickle,200|434ms
-> POST /sso/Dispatcher
<- 200 POST /sso/Dispatcher
-> GET /sso/Templates/otp-responsive.css?1597251371337
-> GET /sso/CombineFiles
<- 200 GET /sso/Templates/otp-responsive.css?1597251371337
<- 200 GET /sso/CombineFiles
-> POST /sso/Authenticator?46101
<- 200 POST /sso/Authenticator?46101
-> POST /sso/Authenticator?10906
<- 200 POST /sso/Authenticator?10906
-> POST /sso/Dispatcher
<- 302 POST /sso/Dispatcher
-> request: /v1/api/sso/validate?gw=1
-> request: /AccountManagement/OneBarAuthentication?json=1
-> GET /AccountManagement/OneBarAuthentication?json=1,404|180ms
-> GET /v1/api/sso/validate?gw=1,200|188ms
-> request: /v1/api/one/user
-> request: /sso/AuthenticateSSODH?ACTION=INIT
-> sso GET https://api.ibkr.com/sso/AuthenticateSSODH?ACTION=INIT
-> GET /v1/api/one/user,200|38ms
-> request: /sso/AuthenticateSSODH?ACTION=COMPLETE&B=1790e2662433c16c71d5e3c806123dc021097dd0814e4c18863b0d2691095219a4845738ef882d0cb5b88c9ee0ee136fcf4e1c4f6d08291fa804a375ee5db33b&CHRESPONSE=caa5918b4ee81a88e0854371bd7e1e3b07028264
-> sso GET https://api.ibkr.com/sso/AuthenticateSSODH?ACTION=COMPLETE&B=1790e2662433c16c71d5e3c806123dc021097dd0814e4c18863b0d2691095219a4845738ef882d0cb5b88c9ee0ee136fcf4e1c4f6d08291fa804a375ee5db33b&CHRESPONSE=caa5918b4ee81a88e0854371bd7e1e3b07028264
-> request: /v1/api/iserver/auth/status
-> GET /v1/api/iserver/auth/status,200|43ms
-> request: /v1/api/iserver/auth/ssodh/init
-> POST https://api.ibkr.com/v1/api/iserver/auth/ssodh/init,200|110ms
-> request: /v1/api/iserver/auth/ssodh/response
-> POST https://api.ibkr.com/v1/api/iserver/auth/ssodh/response,200|63ms
-> request: /v1/api/iserver/accounts
-> GET /v1/api/iserver/accounts,200|54ms
-> POST /v1/portal/iserver/secdef/search
<- 200 POST /v1/portal/iserver/secdef/search
-> request: /v1/api/tickle
-> GET /v1/api/tickle,200|176ms
-> request: /v1/api/tickle
-> GET /v1/api/tickle,200|275ms
-> POST /v1/portal/iserver/secdef/search
<- 200 POST /v1/portal/iserver/secdef/search
-> request: /v1/api/tickle
-> GET /v1/api/tickle,200|150ms
-> request: /v1/api/tickle
-> GET /v1/api/tickle,200|225ms
-> request: /v1/api/tickle
-> GET /v1/api/tickle,200|207ms
-> GET /sso/Login?forwardTo=22&RL=1&ip2loc=US
<- 200 GET /sso/Login?forwardTo=22&RL=1&ip2loc=US
-> GET /sso/CombineFiles
-> GET /sso/Templates/otp-responsive.css?1597251526007
<- 200 GET /sso/CombineFiles
<- 200 GET /sso/Templates/otp-responsive.css?1597251526007
-> POST /sso/Authenticator?8745
<- 200 POST /sso/Authenticator?8745
-> POST /sso/Authenticator?61096
<- 200 POST /sso/Authenticator?61096
-> POST /sso/Dispatcher
<- 200 POST /sso/Dispatcher
-> GET /sso/Templates/otp-responsive.css?1597251542848
-> GET /sso/CombineFiles
<- 200 GET /sso/CombineFiles
<- 200 GET /sso/Templates/otp-responsive.css?1597251542848
-> GET /sso/CombineFiles
<- 200 GET /sso/CombineFiles
-> POST /sso/Authenticator?60514
<- 200 POST /sso/Authenticator?60514
-> request: /v1/api/tickle
-> GET /v1/api/tickle,200|109ms
-> POST /sso/Authenticator?15858
<- 200 POST /sso/Authenticator?15858
-> POST /sso/Dispatcher
<- 302 POST /sso/Dispatcher
-> request: /v1/api/sso/validate?gw=1
-> request: /AccountManagement/OneBarAuthentication?json=1
-> GET /v1/api/sso/validate?gw=1,200|181ms
-> request: /v1/api/one/user
-> request: /sso/AuthenticateSSODH?ACTION=INIT
-> sso GET https://api.ibkr.com/sso/AuthenticateSSODH?ACTION=INIT
-> GET /AccountManagement/OneBarAuthentication?json=1,404|189ms
-> request: /sso/AuthenticateSSODH?ACTION=COMPLETE&B=9a2b37a74fd3f0c4019f78561d69bbee7d7af9330cebb0a3af2b577666dee9977ac7b90afe92e57cfac3d70c351e671f6dd9cc086438b14564efbfe0ee090632&CHRESPONSE=0405e693492e31b7a2755ce23a88b85d63c171de
-> sso GET https://api.ibkr.com/sso/AuthenticateSSODH?ACTION=COMPLETE&B=9a2b37a74fd3f0c4019f78561d69bbee7d7af9330cebb0a3af2b577666dee9977ac7b90afe92e57cfac3d70c351e671f6dd9cc086438b14564efbfe0ee090632&CHRESPONSE=0405e693492e31b7a2755ce23a88b85d63c171de
-> GET /v1/api/one/user,200|147ms
-> request: /v1/api/iserver/auth/status
-> GET /v1/api/iserver/auth/status,200|45ms
-> request: /v1/api/iserver/accounts
-> GET /v1/api/iserver/accounts,200|39ms
-> POST /v1/portal/iserver/secdef/search
<- 200 POST /v1/portal/iserver/secdef/search
-> GET /v1/portal/iserver/marketdata/history?conid=265598&period=1m&bar=1m
<- 200 GET /v1/portal/iserver/marketdata/history?conid=265598&period=1m&bar=1m
-> request: /v1/api/tickle
-> GET /v1/api/tickle,200|337ms
-> request: /v1/api/tickle
-> GET /v1/api/tickle,200|155ms
-> request: /v1/api/tickle
-> GET /v1/api/tickle,200|180ms
-> request: /v1/api/tickle
-> GET /v1/api/tickle,200|175ms
-> request: /v1/api/tickle
-> GET /v1/api/tickle,200|263ms
-> request: /v1/api/tickle
-> GET /v1/api/tickle,200|269ms
-> request: /v1/api/tickle
-> GET /v1/api/tickle,200|165ms
-> request: /v1/api/tickle
-> GET /v1/api/tickle,200|227ms
-> request: /v1/api/tickle
-> GET /v1/api/tickle,200|319ms
-> request: /v1/api/tickle
-> GET /v1/api/tickle,200|493ms
-> request: /sso/ping
-> GET /sso/ping,200|78ms
-> request: /v1/api/tickle
-> GET /v1/api/tickle,200|224ms
-> request: /v1/api/tickle
-> GET /v1/api/tickle,200|141ms
-> request: /v1/api/tickle
-> GET /v1/api/tickle,200|192ms
-> request: /v1/api/tickle
-> GET /v1/api/tickle,200|238ms
-> request: /v1/api/tickle
-> GET /v1/api/tickle,200|205ms
-> request: /v1/api/tickle
-> GET /v1/api/tickle,200|194ms
-> request: /v1/api/tickle
-> GET /v1/api/tickle,200|279ms
-> request: /v1/api/tickle
-> GET /v1/api/tickle,200|158ms
-> request: /v1/api/tickle
-> GET /v1/api/tickle,200|198ms
-> request: /v1/api/tickle
-> GET /v1/api/tickle,200|386ms
-> request: /sso/ping
-> GET /sso/ping,200|104ms
-> request: /v1/api/tickle
-> GET /v1/api/tickle,200|410ms
-> request: /v1/api/tickle
-> GET /v1/api/tickle,200|167ms
-> request: /v1/api/tickle
-> GET /v1/api/tickle,200|336ms
-> request: /v1/api/tickle
-> GET /v1/api/tickle,200|224ms
-> request: /v1/api/tickle
-> GET /v1/api/tickle,200|197ms
-> request: /v1/api/tickle
-> GET /v1/api/tickle,200|169ms
-> request: /v1/api/tickle
-> GET /v1/api/tickle,200|202ms
-> request: /v1/api/tickle
-> GET /v1/api/tickle,200|171ms
-> request: /v1/api/tickle
-> GET /v1/api/tickle,200|189ms
-> request: /v1/api/tickle
-> GET /v1/api/tickle,200|197ms
-> request: /sso/ping
-> GET /sso/ping,200|41ms
-> request: /v1/api/tickle
-> GET /v1/api/tickle,200|194ms
-> request: /v1/api/tickle
-> GET /v1/api/tickle,200|190ms
-> request: /v1/api/tickle
-> GET /v1/api/tickle,200|172ms
-> request: /v1/api/tickle
-> GET /v1/api/tickle,200|196ms
-> GET /sso/Login?forwardTo=22&RL=1&ip2loc=US
<- 200 GET /sso/Login?forwardTo=22&RL=1&ip2loc=US
-> GET /sso/CombineFiles
-> GET /sso/Templates/otp-responsive.css?1597252594046
<- 200 GET /sso/CombineFiles
<- 200 GET /sso/Templates/otp-responsive.css?1597252594046
-> request: /v1/api/tickle
-> GET /v1/api/tickle,200|156ms
-> POST /sso/Authenticator?68488
<- 200 POST /sso/Authenticator?68488
-> POST /sso/Authenticator?58905
<- 200 POST /sso/Authenticator?58905
-> POST /sso/Dispatcher
<- 200 POST /sso/Dispatcher
-> GET /sso/Templates/otp-responsive.css?1597252620326
-> GET /sso/CombineFiles
<- 200 GET /sso/CombineFiles
<- 200 GET /sso/Templates/otp-responsive.css?1597252620326
-> GET /sso/CombineFiles
<- 200 GET /sso/CombineFiles
-> POST /sso/Authenticator?72535
<- 200 POST /sso/Authenticator?72535
-> request: /v1/api/tickle
-> GET /v1/api/tickle,200|147ms
-> POST /sso/Authenticator?16233
<- 200 POST /sso/Authenticator?16233
-> POST /sso/Dispatcher
<- 302 POST /sso/Dispatcher
-> request: /v1/api/sso/validate?gw=1
-> request: /AccountManagement/OneBarAuthentication?json=1
-> GET /AccountManagement/OneBarAuthentication?json=1,404|159ms
-> GET /v1/api/sso/validate?gw=1,200|191ms
-> request: /v1/api/one/user
-> request: /sso/AuthenticateSSODH?ACTION=INIT
-> sso GET https://api.ibkr.com/sso/AuthenticateSSODH?ACTION=INIT
-> GET /v1/api/one/user,200|81ms
-> request: /sso/AuthenticateSSODH?ACTION=COMPLETE&B=63b28b953e800fb301e213786c962c5677756fc757f24391a4c8ad41962ab340b8f3915f8ee44ace340822209217c2f2830b99bc961f9c6a862f64bf2ef66e26&CHRESPONSE=1fc496ef7ca51e783f51c0316ff9f0dddd46df6d
-> sso GET https://api.ibkr.com/sso/AuthenticateSSODH?ACTION=COMPLETE&B=63b28b953e800fb301e213786c962c5677756fc757f24391a4c8ad41962ab340b8f3915f8ee44ace340822209217c2f2830b99bc961f9c6a862f64bf2ef66e26&CHRESPONSE=1fc496ef7ca51e783f51c0316ff9f0dddd46df6d
-> request: /v1/api/iserver/auth/status
-> GET /v1/api/iserver/auth/status,200|48ms
-> request: /v1/api/iserver/auth/ssodh/init
-> POST https://api.ibkr.com/v1/api/iserver/auth/ssodh/init,200|118ms
-> request: /v1/api/iserver/auth/ssodh/response
-> POST https://api.ibkr.com/v1/api/iserver/auth/ssodh/response,200|60ms
-> request: /v1/api/iserver/accounts
-> GET /v1/api/iserver/accounts,200|40ms
-> POST /v1/portal/iserver/secdef/search
<- 200 POST /v1/portal/iserver/secdef/search
-> request: /v1/api/tickle
-> GET /v1/api/tickle,200|158ms
-> request: /v1/api/tickle
-> GET /v1/api/tickle,200|199ms
-> GET /sso/Login?forwardTo=22&RL=1&ip2loc=US
<- 200 GET /sso/Login?forwardTo=22&RL=1&ip2loc=US
-> GET /sso/CombineFiles
-> GET /sso/Templates/otp-responsive.css?1597252692247
<- 200 GET /sso/CombineFiles
<- 200 GET /sso/Templates/otp-responsive.css?1597252692247
-> POST /sso/Authenticator?10554
<- 200 POST /sso/Authenticator?10554
-> POST /sso/Authenticator?1554
<- 200 POST /sso/Authenticator?1554
-> POST /sso/Dispatcher
<- 200 POST /sso/Dispatcher
-> GET /sso/Templates/otp-responsive.css?1597252703067
-> GET /sso/CombineFiles
<- 200 GET /sso/Templates/otp-responsive.css?1597252703067
<- 200 GET /sso/CombineFiles
-> POST /sso/Authenticator?55014
<- 200 POST /sso/Authenticator?55014
-> POST /sso/Authenticator?45638
<- 200 POST /sso/Authenticator?45638
-> POST /sso/Dispatcher
<- 302 POST /sso/Dispatcher
-> request: /v1/api/sso/validate?gw=1
-> request: /AccountManagement/OneBarAuthentication?json=1
-> GET /v1/api/sso/validate?gw=1,200|551ms
-> request: /v1/api/one/user
-> request: /sso/AuthenticateSSODH?ACTION=INIT
-> sso GET https://api.ibkr.com/sso/AuthenticateSSODH?ACTION=INIT
-> GET /AccountManagement/OneBarAuthentication?json=1,404|590ms
-> GET /v1/api/one/user,200|347ms
-> request: /sso/AuthenticateSSODH?ACTION=COMPLETE&B=700249d357414d3eabe26bd74f7bab9b05c8df7c254bfa5fcc0a6d79383777c3a29161faf34d3005a2abd0eed7f34da2f0f35740003d2055a4d93b41b26085bd&CHRESPONSE=d584484daf873ae6cacca5e95a1fefaec6979995
-> sso GET https://api.ibkr.com/sso/AuthenticateSSODH?ACTION=COMPLETE&B=700249d357414d3eabe26bd74f7bab9b05c8df7c254bfa5fcc0a6d79383777c3a29161faf34d3005a2abd0eed7f34da2f0f35740003d2055a4d93b41b26085bd&CHRESPONSE=d584484daf873ae6cacca5e95a1fefaec6979995
-> request: /v1/api/iserver/auth/status
-> GET /v1/api/iserver/auth/status,200|42ms
-> request: /v1/api/iserver/accounts
-> GET /v1/api/iserver/accounts,200|41ms
-> POST /v1/portal/iserver/secdef/search
<- 200 POST /v1/portal/iserver/secdef/search
-> GET /v1/portal/iserver/marketdata/history?conid=265598&start=20200812-13%3A00%3A00&period=1m&bar=1m
<- 200 GET /v1/portal/iserver/marketdata/history?conid=265598&start=20200812-13%3A00%3A00&period=1m&bar=1m
-> request: /v1/api/tickle
-> GET /v1/api/tickle,200|50ms
-> request: /v1/api/tickle
-> GET /v1/api/tickle,200|179ms
-> request: /v1/api/tickle
-> GET /v1/api/tickle,200|210ms
-> GET /sso/Login?forwardTo=22&RL=1&ip2loc=US
<- 200 GET /sso/Login?forwardTo=22&RL=1&ip2loc=US
-> GET /sso/CombineFiles
-> GET /sso/Templates/otp-responsive.css?1597252798566
<- 200 GET /sso/CombineFiles
<- 200 GET /sso/Templates/otp-responsive.css?1597252798566
-> POST /sso/Authenticator?38470
<- 200 POST /sso/Authenticator?38470
-> request: /v1/api/tickle
-> GET /v1/api/tickle,200|165ms
-> POST /sso/Authenticator?83129
<- 200 POST /sso/Authenticator?83129
-> POST /sso/Dispatcher
<- 200 POST /sso/Dispatcher
-> GET /sso/Templates/otp-responsive.css?1597252812229
-> GET /sso/CombineFiles
<- 200 GET /sso/CombineFiles
<- 200 GET /sso/Templates/otp-responsive.css?1597252812229
-> GET /sso/CombineFiles
<- 200 GET /sso/CombineFiles
-> POST /sso/Authenticator?3611
<- 200 POST /sso/Authenticator?3611
-> POST /sso/Authenticator?83738
<- 200 POST /sso/Authenticator?83738
-> POST /sso/Dispatcher
<- 302 POST /sso/Dispatcher
-> request: /v1/api/sso/validate?gw=1
-> request: /AccountManagement/OneBarAuthentication?json=1
-> GET /v1/api/sso/validate?gw=1,200|193ms
-> request: /v1/api/one/user
-> request: /sso/AuthenticateSSODH?ACTION=INIT
-> sso GET https://api.ibkr.com/sso/AuthenticateSSODH?ACTION=INIT
-> GET /AccountManagement/OneBarAuthentication?json=1,404|212ms
-> GET /v1/api/one/user,200|233ms
-> request: /sso/AuthenticateSSODH?ACTION=COMPLETE&B=930cf053a5a460f2e28aa6aaaac86ed18a1e06bf0c23d89c6a47c7aecaa11ee327fc5fc08ebe782afef86b69440b0e150808e51cf4ae74564b9c1629169bf45f&CHRESPONSE=4c01970c2b6764ae9b55c7bb68fb3e16d3baf1a7
-> sso GET https://api.ibkr.com/sso/AuthenticateSSODH?ACTION=COMPLETE&B=930cf053a5a460f2e28aa6aaaac86ed18a1e06bf0c23d89c6a47c7aecaa11ee327fc5fc08ebe782afef86b69440b0e150808e51cf4ae74564b9c1629169bf45f&CHRESPONSE=4c01970c2b6764ae9b55c7bb68fb3e16d3baf1a7
-> request: /v1/api/iserver/auth/status
-> GET /v1/api/iserver/auth/status,200|44ms
-> request: /v1/api/iserver/accounts
-> GET /v1/api/iserver/accounts,200|49ms
-> POST /v1/portal/iserver/secdef/search
<- 200 POST /v1/portal/iserver/secdef/search
-> GET /v1/portal/iserver/marketdata/history?conid=265598&period=1min&bar=1min
<- 200 GET /v1/portal/iserver/marketdata/history?conid=265598&period=1min&bar=1min
-> request: /v1/api/tickle
-> GET /v1/api/tickle,200|184ms
-> request: /v1/api/tickle
-> GET /v1/api/tickle,200|184ms
-> request: /v1/api/tickle
-> GET /v1/api/tickle,200|205ms
-> request: /v1/api/tickle
-> GET /v1/api/tickle,200|1046ms
-> request: /v1/api/tickle
-> GET /v1/api/tickle,200|207ms
-> request: /v1/api/tickle
-> GET /v1/api/tickle,200|258ms
-> request: /v1/api/tickle
-> GET /v1/api/tickle,200|202ms
-> request: /v1/api/tickle
-> GET /v1/api/tickle,200|211ms
-> request: /v1/api/tickle
-> GET /v1/api/tickle,200|345ms
-> request: /v1/api/tickle
-> GET /v1/api/tickle,200|240ms
-> request: /sso/ping
-> GET /sso/ping,200|140ms
-> request: /v1/api/tickle
-> GET /v1/api/tickle,200|266ms
-> request: /v1/api/tickle
-> GET /v1/api/tickle,200|170ms
-> request: /v1/api/tickle
-> GET /v1/api/tickle,200|217ms
-> request: /v1/api/tickle
-> GET /v1/api/tickle,200|185ms
-> GET /sso/Login?forwardTo=22&RL=1&ip2loc=US
-> GET /sso/Login?forwardTo=22&RL=1&ip2loc=US
<- 200 GET /sso/Login?forwardTo=22&RL=1&ip2loc=US
<- 200 GET /sso/Login?forwardTo=22&RL=1&ip2loc=US
-> GET /sso/CombineFiles
-> GET /sso/Templates/otp-responsive.css?1597253240049
<- 200 GET /sso/CombineFiles
<- 200 GET /sso/Templates/otp-responsive.css?1597253240049
-> POST /sso/Authenticator?76814
<- 200 POST /sso/Authenticator?76814
-> POST /sso/Authenticator?12380
<- 200 POST /sso/Authenticator?12380
-> POST /sso/Dispatcher
<- 200 POST /sso/Dispatcher
-> GET /sso/Templates/otp-responsive.css?1597253253618
-> GET /sso/CombineFiles
<- 200 GET /sso/Templates/otp-responsive.css?1597253253618
<- 200 GET /sso/CombineFiles
-> request: /v1/api/tickle
-> GET /v1/api/tickle,200|170ms
-> POST /sso/Authenticator?69349
<- 200 POST /sso/Authenticator?69349
-> POST /sso/Authenticator?81246
<- 200 POST /sso/Authenticator?81246
-> POST /sso/Dispatcher
<- 302 POST /sso/Dispatcher
-> request: /v1/api/sso/validate?gw=1
-> request: /AccountManagement/OneBarAuthentication?json=1
-> GET /AccountManagement/OneBarAuthentication?json=1,404|148ms
-> GET /v1/api/sso/validate?gw=1,200|214ms
-> request: /v1/api/one/user
-> request: /sso/AuthenticateSSODH?ACTION=INIT
-> sso GET https://api.ibkr.com/sso/AuthenticateSSODH?ACTION=INIT
-> GET /v1/api/one/user,200|46ms
-> request: /sso/AuthenticateSSODH?ACTION=COMPLETE&B=a7d2700947aff07af9b9054cd4160a2af4c42b58de304b363a9da54488c15b2d9937aa0b9ab3c3cb4fc27781097ee86eba51bd81112184e9af49c817fd505be2&CHRESPONSE=f360fdb822114251cc6733f95342916532f558ce
-> sso GET https://api.ibkr.com/sso/AuthenticateSSODH?ACTION=COMPLETE&B=a7d2700947aff07af9b9054cd4160a2af4c42b58de304b363a9da54488c15b2d9937aa0b9ab3c3cb4fc27781097ee86eba51bd81112184e9af49c817fd505be2&CHRESPONSE=f360fdb822114251cc6733f95342916532f558ce
-> request: /v1/api/iserver/auth/status
-> GET /v1/api/iserver/auth/status,200|45ms
-> request: /v1/api/iserver/accounts
-> GET /v1/api/iserver/accounts,200|47ms
-> request: /v1/api/tickle
-> GET /v1/api/tickle,200|190ms
-> request: /v1/api/tickle
-> GET /v1/api/tickle,200|165ms
-> request: /v1/api/tickle
-> GET /v1/api/tickle,200|203ms
-> request: /v1/api/tickle
-> GET /v1/api/tickle,200|191ms
-> request: /v1/api/tickle
-> GET /v1/api/tickle,200|414ms
-> GET /sso/Login?forwardTo=22&RL=1&ip2loc=US
<- 200 GET /sso/Login?forwardTo=22&RL=1&ip2loc=US
-> GET /sso/CombineFiles
-> GET /sso/Templates/otp-responsive.css?1597253423786
<- 200 GET /sso/CombineFiles
<- 200 GET /sso/Templates/otp-responsive.css?1597253423786
-> POST /sso/Authenticator?83614
<- 200 POST /sso/Authenticator?83614
-> POST /sso/Authenticator?64723
<- 200 POST /sso/Authenticator?64723
-> POST /sso/Dispatcher
<- 200 POST /sso/Dispatcher
-> GET /sso/Templates/otp-responsive.css?1597253436521
-> GET /sso/CombineFiles
<- 200 GET /sso/CombineFiles
<- 200 GET /sso/Templates/otp-responsive.css?1597253436521
-> GET /sso/CombineFiles
<- 200 GET /sso/CombineFiles
-> POST /sso/Authenticator?47358
-> request: /v1/api/tickle
<- 200 POST /sso/Authenticator?47358
-> GET /v1/api/tickle,200|379ms
-> POST /sso/Authenticator?31637
<- 200 POST /sso/Authenticator?31637
-> POST /sso/Dispatcher
<- 302 POST /sso/Dispatcher
-> request: /v1/api/sso/validate?gw=1
-> request: /AccountManagement/OneBarAuthentication?json=1
-> GET /v1/api/sso/validate?gw=1,200|142ms
-> request: /v1/api/one/user
-> request: /sso/AuthenticateSSODH?ACTION=INIT
-> sso GET https://api.ibkr.com/sso/AuthenticateSSODH?ACTION=INIT
-> GET /AccountManagement/OneBarAuthentication?json=1,404|156ms
-> GET /v1/api/one/user,200|136ms
-> request: /sso/AuthenticateSSODH?ACTION=COMPLETE&B=71ece8a26184aff4ca6547d88001425ca0f76180a2b5127b87d727fe38c115b68840dc832d37feec3133224cb44d4c7f0dd1a9978faf0e42d1924d9bfd4da63d&CHRESPONSE=f61ad2764d2ba4f4189bd34ad5855caf296b9538
-> sso GET https://api.ibkr.com/sso/AuthenticateSSODH?ACTION=COMPLETE&B=71ece8a26184aff4ca6547d88001425ca0f76180a2b5127b87d727fe38c115b68840dc832d37feec3133224cb44d4c7f0dd1a9978faf0e42d1924d9bfd4da63d&CHRESPONSE=f61ad2764d2ba4f4189bd34ad5855caf296b9538
-> request: /v1/api/iserver/auth/status
-> GET /v1/api/iserver/auth/status,200|70ms
-> request: /v1/api/iserver/accounts
-> GET /v1/api/iserver/accounts,200|68ms
-> POST /v1/portal/iserver/secdef/search
<- 200 POST /v1/portal/iserver/secdef/search
-> GET /v1/portal/iserver/marketdata/history?conid=265598&period=1min&bar=1min
<- 200 GET /v1/portal/iserver/marketdata/history?conid=265598&period=1min&bar=1min
-> request: /v1/api/tickle
-> GET /v1/api/tickle,200|181ms
-> request: /v1/api/tickle
-> GET /v1/api/tickle,200|477ms
-> request: /v1/api/tickle
-> GET /v1/api/tickle,200|1326ms
-> request: /v1/api/tickle
-> GET /v1/api/tickle,200|225ms
-> request: /v1/api/tickle
-> GET /v1/api/tickle,200|153ms
-> request: /v1/api/tickle
-> GET /v1/api/tickle,200|217ms
-> request: /v1/api/tickle
-> GET /v1/api/tickle,200|160ms
-> request: /v1/api/tickle
-> GET /v1/api/tickle,200|260ms
-> request: /v1/api/tickle
-> GET /v1/api/tickle,200|165ms
-> request: /v1/api/tickle
-> GET /v1/api/tickle,200|157ms
-> request: /sso/ping
-> GET /sso/ping,200|41ms
-> request: /v1/api/tickle
-> GET /v1/api/tickle,200|197ms
-> request: /v1/api/tickle
-> GET /v1/api/tickle,200|503ms
-> request: /v1/api/tickle
-> GET /v1/api/tickle,200|182ms
-> request: /v1/api/tickle
-> GET /v1/api/tickle,200|313ms
-> request: /v1/api/tickle
-> GET /v1/api/tickle,200|161ms
-> request: /v1/api/tickle
-> GET /v1/api/tickle,200|216ms
-> request: /v1/api/tickle
-> GET /v1/api/tickle,200|1207ms
-> request: /v1/api/tickle
-> GET /v1/api/tickle,200|307ms
-> request: /v1/api/tickle
-> GET /v1/api/tickle,200|179ms
-> request: /v1/api/tickle
-> GET /v1/api/tickle,200|237ms
-> request: /sso/ping
-> GET /sso/ping,200|80ms
-> GET /sso/Login?forwardTo=22&RL=1&ip2loc=US
<- 200 GET /sso/Login?forwardTo=22&RL=1&ip2loc=US
-> GET /sso/CombineFiles
-> GET /sso/Templates/otp-responsive.css?1597254059988
<- 200 GET /sso/CombineFiles
<- 200 GET /sso/Templates/otp-responsive.css?1597254059988
-> POST /sso/Authenticator?82346
<- 200 POST /sso/Authenticator?82346
-> request: /v1/api/tickle
-> GET /v1/api/tickle,200|140ms
-> POST /sso/Authenticator?86477
<- 200 POST /sso/Authenticator?86477
-> POST /sso/Dispatcher
<- 200 POST /sso/Dispatcher
-> GET /sso/Templates/otp-responsive.css?1597254074287
-> GET /sso/CombineFiles
<- 200 GET /sso/Templates/otp-responsive.css?1597254074287
<- 200 GET /sso/CombineFiles
-> POST /sso/Authenticator?96208
<- 200 POST /sso/Authenticator?96208
-> POST /sso/Authenticator?41299
<- 200 POST /sso/Authenticator?41299
-> POST /sso/Dispatcher
<- 302 POST /sso/Dispatcher
-> request: /v1/api/sso/validate?gw=1
-> request: /AccountManagement/OneBarAuthentication?json=1
-> GET /v1/api/sso/validate?gw=1,200|164ms
-> request: /v1/api/one/user
-> request: /sso/AuthenticateSSODH?ACTION=INIT
-> sso GET https://api.ibkr.com/sso/AuthenticateSSODH?ACTION=INIT
-> GET /AccountManagement/OneBarAuthentication?json=1,404|166ms
-> GET /v1/api/one/user,200|123ms
-> request: /sso/AuthenticateSSODH?ACTION=COMPLETE&B=9236c8ff5c0711b7e48d7a0e7d3462685a2b2678d97e3872af675ae7eb8b14c40274fa773ae4f2c8c137625f228bde291f8c00ed8c07f8bd560fed7b81444fa4&CHRESPONSE=7a4800b251ecd8baa946494b916dec253050373e
-> sso GET https://api.ibkr.com/sso/AuthenticateSSODH?ACTION=COMPLETE&B=9236c8ff5c0711b7e48d7a0e7d3462685a2b2678d97e3872af675ae7eb8b14c40274fa773ae4f2c8c137625f228bde291f8c00ed8c07f8bd560fed7b81444fa4&CHRESPONSE=7a4800b251ecd8baa946494b916dec253050373e
-> request: /v1/api/iserver/auth/status
-> GET /v1/api/iserver/auth/status,200|49ms
-> request: /v1/api/iserver/accounts
-> GET /v1/api/iserver/accounts,200|54ms
-> POST /v1/portal/iserver/secdef/search
<- 200 POST /v1/portal/iserver/secdef/search
-> GET /v1/portal/iserver/marketdata/history?conid=265598&exchange=SMART&period=1min&bar=1min
<- 200 GET /v1/portal/iserver/marketdata/history?conid=265598&exchange=SMART&period=1min&bar=1min
-> request: /v1/api/tickle
-> GET /v1/api/tickle,200|176ms
-> request: /v1/api/tickle
-> GET /v1/api/tickle,200|273ms
-> request: /v1/api/tickle
-> GET /v1/api/tickle,200|458ms
-> request: /v1/api/tickle
-> GET /v1/api/tickle,200|154ms
-> request: /v1/api/tickle
-> GET /v1/api/tickle,200|197ms
-> request: /v1/api/tickle
-> GET /v1/api/tickle,200|212ms
-> request: /v1/api/tickle
-> GET /v1/api/tickle,200|198ms
-> request: /v1/api/tickle
-> GET /v1/api/tickle,200|248ms
-> request: /v1/api/tickle
-> GET /v1/api/tickle,200|203ms
-> request: /v1/api/tickle
-> GET /v1/api/tickle,200|201ms
-> request: /sso/ping
-> GET /sso/ping,200|161ms
-> request: /v1/api/tickle
-> GET /v1/api/tickle,200|260ms
-> request: /v1/api/tickle
-> GET /v1/api/tickle,200|238ms
-> request: /v1/api/tickle
-> GET /v1/api/tickle,200|244ms
-> request: /v1/api/tickle
-> GET /v1/api/tickle,200|171ms
-> request: /v1/api/tickle
-> GET /v1/api/tickle,200|174ms
-> request: /v1/api/tickle
-> GET /v1/api/tickle,200|266ms
-> request: /v1/api/tickle
-> GET /v1/api/tickle,200|156ms
-> request: /v1/api/tickle
-> GET /v1/api/tickle,200|149ms
-> request: /v1/api/tickle
-> GET /v1/api/tickle,200|229ms
-> request: /v1/api/tickle
-> GET /v1/api/tickle,200|250ms
-> request: /sso/ping
-> GET /sso/ping,200|197ms
-> request: /v1/api/tickle
-> GET /v1/api/tickle,200|179ms
-> request: /v1/api/tickle
-> GET /v1/api/tickle,200|264ms
-> GET /sso/Login?forwardTo=22&RL=1&ip2loc=US
<- 200 GET /sso/Login?forwardTo=22&RL=1&ip2loc=US
-> GET /sso/CombineFiles
-> GET /sso/Templates/otp-responsive.css?1597255342618
<- 200 GET /sso/Templates/otp-responsive.css?1597255342618
<- 200 GET /sso/CombineFiles
-> GET /sso/Login?forwardTo=22&RL=1&ip2loc=US
<- 200 GET /sso/Login?forwardTo=22&RL=1&ip2loc=US
-> GET /sso/CombineFiles
-> GET /sso/Templates/otp-responsive.css?1597255343446
<- 200 GET /sso/CombineFiles
<- 200 GET /sso/Templates/otp-responsive.css?1597255343446
-> POST /sso/Authenticator?43728
<- 200 POST /sso/Authenticator?43728
-> POST /sso/Authenticator?64595
<- 200 POST /sso/Authenticator?64595
-> POST /sso/Dispatcher
<- 302 POST /sso/Dispatcher
-> request: /v1/api/sso/validate?gw=1
-> request: /AccountManagement/OneBarAuthentication?json=1
-> GET /AccountManagement/OneBarAuthentication?json=1,404|165ms
-> GET /v1/api/sso/validate?gw=1,200|218ms
-> request: /v1/api/one/user
-> request: /sso/AuthenticateSSODH?ACTION=INIT
-> sso GET https://api.ibkr.com/sso/AuthenticateSSODH?ACTION=INIT
-> GET /v1/api/one/user,200|92ms
-> request: /sso/AuthenticateSSODH?ACTION=COMPLETE&B=d32f47ea8217b6cb1bb354ba9ec381c24664780381901c2cd27a9fef6dceda99115949e3f4f3f9ea88a2acde97346f20459b30773a36c88f4d73dfdc2ffcb5a5&CHRESPONSE=ecad040b1531a19b1dfd238ef4363336bdbb83b4
-> sso GET https://api.ibkr.com/sso/AuthenticateSSODH?ACTION=COMPLETE&B=d32f47ea8217b6cb1bb354ba9ec381c24664780381901c2cd27a9fef6dceda99115949e3f4f3f9ea88a2acde97346f20459b30773a36c88f4d73dfdc2ffcb5a5&CHRESPONSE=ecad040b1531a19b1dfd238ef4363336bdbb83b4
-> request: /v1/api/iserver/auth/status
-> GET /v1/api/iserver/auth/status,200|59ms
-> request: /v1/api/iserver/accounts
-> GET /v1/api/iserver/accounts,200|108ms
-> POST /v1/portal/iserver/secdef/search
<- 200 POST /v1/portal/iserver/secdef/search
-> GET /v1/portal/iserver/marketdata/history?conid=265598&exchange=SMART&period=1min&bar=1min
<- 200 GET /v1/portal/iserver/marketdata/history?conid=265598&exchange=SMART&period=1min&bar=1min
-> request: /v1/api/tickle
-> GET /v1/api/tickle,200|604ms
-> request: /v1/api/tickle
-> GET /v1/api/tickle,200|193ms
-> request: /v1/api/tickle
-> GET /v1/api/tickle,200|224ms
-> request: /v1/api/tickle
-> GET /v1/api/tickle,200|145ms
-> request: /v1/api/tickle
-> GET /v1/api/tickle,200|156ms
-> request: /v1/api/tickle
-> GET /v1/api/tickle,200|199ms
-> request: /v1/api/tickle
-> GET /v1/api/tickle,200|195ms
-> GET /sso/Dispatcher
<- 302 GET /sso/Dispatcher
-> request: /v1/api/sso/validate?gw=1
-> request: /AccountManagement/OneBarAuthentication?json=1
-> GET /v1/api/sso/validate?gw=1,200|163ms
-> request: /v1/api/one/user
-> request: /sso/AuthenticateSSODH?ACTION=INIT
-> sso GET https://api.ibkr.com/sso/AuthenticateSSODH?ACTION=INIT
-> GET /AccountManagement/OneBarAuthentication?json=1,404|171ms
-> request: /sso/AuthenticateSSODH?ACTION=COMPLETE&B=3838adade027b9839c6978e25b7c07b63f6c9347fc8a8b1fde1e3bbc1d991ad9aab56051b35602b02fe9ee70d3ad8dce25375ec0016cf21f72ae360d03304c6&CHRESPONSE=5a7721acb3176ca0c0ab560de2b7427e4541593c
-> sso GET https://api.ibkr.com/sso/AuthenticateSSODH?ACTION=COMPLETE&B=3838adade027b9839c6978e25b7c07b63f6c9347fc8a8b1fde1e3bbc1d991ad9aab56051b35602b02fe9ee70d3ad8dce25375ec0016cf21f72ae360d03304c6&CHRESPONSE=5a7721acb3176ca0c0ab560de2b7427e4541593c
-> GET /v1/api/one/user,200|149ms
-> GET /sso/Login?forwardTo=22&RL=1&ip2loc=US
<- 200 GET /sso/Login?forwardTo=22&RL=1&ip2loc=US
-> GET /sso/Templates/otp-responsive.css?1597255583670
-> GET /sso/CombineFiles
<- 200 GET /sso/Templates/otp-responsive.css?1597255583670
<- 200 GET /sso/CombineFiles
-> GET /sso/Login?forwardTo=22&RL=1&ip2loc=US
<- 200 GET /sso/Login?forwardTo=22&RL=1&ip2loc=US
-> GET /sso/CombineFiles
-> GET /sso/Templates/otp-responsive.css?1597255584337
<- 200 GET /sso/CombineFiles
<- 200 GET /sso/Templates/otp-responsive.css?1597255584337
-> GET /sso/CombineFiles
<- 200 GET /sso/CombineFiles
-> GET /sso/Login?forwardTo=22&RL=1&ip2loc=US
-> request: /v1/api/iserver/auth/status
<- 200 GET /sso/Login?forwardTo=22&RL=1&ip2loc=US
-> GET /sso/CombineFiles
-> GET /sso/Templates/otp-responsive.css?1597255585898
-> GET /v1/api/iserver/auth/status,200|159ms
-> request: /v1/api/iserver/accounts
<- 200 GET /sso/CombineFiles
-> GET /v1/api/iserver/accounts,200|111ms
<- 200 GET /sso/Templates/otp-responsive.css?1597255585898
-> request: /v1/api/tickle
-> GET /v1/api/tickle,200|177ms
-> GET /sso/Login?forwardTo=22&RL=1&ip2loc=US
<- 200 GET /sso/Login?forwardTo=22&RL=1&ip2loc=US
-> GET /sso/Templates/otp-responsive.css?1597255604507
-> GET /sso/CombineFiles
<- 200 GET /sso/Templates/otp-responsive.css?1597255604507
<- 200 GET /sso/CombineFiles
-> GET /sso/Login?forwardTo=22&RL=1&ip2loc=US
<- 200 GET /sso/Login?forwardTo=22&RL=1&ip2loc=US
-> GET /sso/CombineFiles
-> GET /sso/Templates/otp-responsive.css?1597255611379
<- 200 GET /sso/CombineFiles
<- 200 GET /sso/Templates/otp-responsive.css?1597255611379
-> GET /sso/CombineFiles
<- 200 GET /sso/CombineFiles
-> GET /sso/Login?forwardTo=22&RL=1&ip2loc=US
<- 200 GET /sso/Login?forwardTo=22&RL=1&ip2loc=US
-> GET /sso/CombineFiles
-> GET /sso/Templates/otp-responsive.css?1597255614828
<- 200 GET /sso/CombineFiles
<- 200 GET /sso/Templates/otp-responsive.css?1597255614828
-> GET /sso/Login?forwardTo=22&RL=1&ip2loc=US
<- 200 GET /sso/Login?forwardTo=22&RL=1&ip2loc=US
-> GET /sso/Templates/otp-responsive.css?1597255615809
-> GET /sso/CombineFiles
<- 200 GET /sso/Templates/otp-responsive.css?1597255615809
<- 200 GET /sso/CombineFiles
-> request: /v1/api/tickle
-> GET /v1/api/tickle,200|150ms
-> request: /v1/api/tickle
-> GET /v1/api/tickle,200|207ms
-> request: /v1/api/tickle
-> GET /v1/api/tickle,200|189ms
-> GET /sso/Login?forwardTo=22&RL=1&ip2loc=US
<- 200 GET /sso/Login?forwardTo=22&RL=1&ip2loc=US
-> GET /sso/CombineFiles
-> GET /sso/Templates/otp-responsive.css?1597255713755
<- 200 GET /sso/CombineFiles
<- 200 GET /sso/Templates/otp-responsive.css?1597255713755
-> GET /sso/CombineFiles
<- 200 GET /sso/CombineFiles
-> request: /v1/api/tickle
-> POST /sso/Authenticator?52709
-> GET /v1/api/tickle,200|109ms
<- 200 POST /sso/Authenticator?52709
-> POST /sso/Authenticator?50633
<- 200 POST /sso/Authenticator?50633
-> POST /sso/Dispatcher
<- 200 POST /sso/Dispatcher
-> GET /sso/Templates/otp-responsive.css?1597255724385
-> GET /sso/CombineFiles
<- 200 GET /sso/CombineFiles
<- 200 GET /sso/Templates/otp-responsive.css?1597255724385
-> GET /sso/CombineFiles
<- 200 GET /sso/CombineFiles
-> POST /sso/Authenticator?72824
<- 200 POST /sso/Authenticator?72824
-> POST /sso/Authenticator?48436
<- 200 POST /sso/Authenticator?48436
-> POST /sso/Dispatcher
<- 302 POST /sso/Dispatcher
-> request: /v1/api/sso/validate?gw=1
-> request: /AccountManagement/OneBarAuthentication?json=1
-> GET /AccountManagement/OneBarAuthentication?json=1,404|132ms
-> GET /v1/api/sso/validate?gw=1,200|151ms
-> request: /v1/api/one/user
-> request: /sso/AuthenticateSSODH?ACTION=INIT
-> sso GET https://api.ibkr.com/sso/AuthenticateSSODH?ACTION=INIT
-> GET /v1/api/one/user,200|46ms
-> request: /sso/AuthenticateSSODH?ACTION=COMPLETE&B=388281eaa0d45633ec69c4b2b19fe2ae6e8bcf03364b43c21a0a04a31c13c967121f99fa44b14df15434bb06a4f7124cada4113745a1998dba23627482c2a1c6&CHRESPONSE=61156be39e7834e92e54d735d2644c09929fe051
-> sso GET https://api.ibkr.com/sso/AuthenticateSSODH?ACTION=COMPLETE&B=388281eaa0d45633ec69c4b2b19fe2ae6e8bcf03364b43c21a0a04a31c13c967121f99fa44b14df15434bb06a4f7124cada4113745a1998dba23627482c2a1c6&CHRESPONSE=61156be39e7834e92e54d735d2644c09929fe051
-> request: /v1/api/iserver/auth/status
-> GET /v1/api/iserver/auth/status,200|48ms
-> request: /v1/api/iserver/accounts
-> GET /v1/api/iserver/accounts,200|40ms
-> POST /v1/portal/iserver/secdef/search
<- 200 POST /v1/portal/iserver/secdef/search
-> GET /v1/portal/iserver/marketdata/history?conid=265598&exchange=SMART&period=1min&bar=1min
<- 200 GET /v1/portal/iserver/marketdata/history?conid=265598&exchange=SMART&period=1min&bar=1min
-> request: /v1/api/tickle
-> GET /v1/api/tickle,200|161ms
-> request: /v1/api/tickle
-> GET /v1/api/tickle,200|185ms
-> request: /v1/api/tickle
-> GET /v1/api/tickle,200|186ms
-> request: /v1/api/tickle
-> GET /v1/api/tickle,200|154ms
-> request: /v1/api/tickle
-> GET /v1/api/tickle,200|247ms
-> request: /v1/api/tickle
-> GET /v1/api/tickle,200|187ms
-> request: /v1/api/tickle
-> GET /v1/api/tickle,200|180ms
-> request: /v1/api/tickle
-> GET /v1/api/tickle,200|848ms
-> GET /sso/Login?forwardTo=22&RL=1&ip2loc=US
<- 200 GET /sso/Login?forwardTo=22&RL=1&ip2loc=US
-> GET /sso/Templates/otp-responsive.css?1597255964628
-> GET /sso/CombineFiles
<- 200 GET /sso/Templates/otp-responsive.css?1597255964628
<- 200 GET /sso/CombineFiles
-> GET /sso/Login?forwardTo=22&RL=1&ip2loc=US
<- 200 GET /sso/Login?forwardTo=22&RL=1&ip2loc=US
-> GET /sso/Templates/otp-responsive.css?1597255966279
-> GET /sso/CombineFiles
<- 200 GET /sso/Templates/otp-responsive.css?1597255966279
<- 200 GET /sso/CombineFiles
-> request: /v1/api/tickle
-> GET /v1/api/tickle,200|111ms
-> request: /v1/api/tickle
-> GET /sso/Login?forwardTo=22&RL=1&ip2loc=US
-> GET /v1/api/tickle,200|172ms
<- 200 GET /sso/Login?forwardTo=22&RL=1&ip2loc=US
-> GET /sso/CombineFiles
-> GET /sso/Templates/otp-responsive.css?1597256020726
<- 200 GET /sso/CombineFiles
<- 200 GET /sso/Templates/otp-responsive.css?1597256020726
-> GET /sso/CombineFiles
<- 200 GET /sso/CombineFiles
-> request: /sso/ping
-> GET /sso/ping,200|141ms
-> GET /sso/Login?forwardTo=22&RL=1&ip2loc=US
<- 200 GET /sso/Login?forwardTo=22&RL=1&ip2loc=US
-> GET /sso/CombineFiles
-> GET /sso/Templates/otp-responsive.css?1597256042899
<- 200 GET /sso/Templates/otp-responsive.css?1597256042899
<- 200 GET /sso/CombineFiles
-> request: /v1/api/tickle
-> GET /v1/api/tickle,200|169ms
-> request: /v1/api/tickle
-> GET /v1/api/tickle,200|203ms
-> request: /v1/api/tickle
-> GET /v1/api/tickle,200|185ms
-> request: /v1/api/tickle
-> GET /v1/api/tickle,200|154ms
-> request: /v1/api/tickle
-> GET /v1/api/tickle,200|205ms
-> request: /v1/api/tickle
-> GET /v1/api/tickle,200|377ms
-> request: /v1/api/tickle
-> GET /v1/api/tickle,200|347ms
-> request: /v1/api/tickle
-> GET /v1/api/tickle,200|175ms
-> request: /v1/api/tickle
-> GET /v1/api/tickle,200|237ms
-> request: /v1/api/tickle
-> GET /v1/api/tickle,200|190ms
-> request: /sso/ping
-> GET /sso/ping,200|193ms
-> request: /v1/api/tickle
-> GET /v1/api/tickle,200|181ms
-> GET /sso/Login?forwardTo=22&RL=1&ip2loc=US
<- 200 GET /sso/Login?forwardTo=22&RL=1&ip2loc=US
-> GET /sso/CombineFiles
-> GET /sso/Templates/otp-responsive.css?1597256468428
<- 200 GET /sso/CombineFiles
<- 200 GET /sso/Templates/otp-responsive.css?1597256468428
-> POST /sso/Authenticator;jsessionid=37BC536DFF82008AA76B711A9E7AB371.ny5wwwdamsso1?60467
<- 200 POST /sso/Authenticator;jsessionid=37BC536DFF82008AA76B711A9E7AB371.ny5wwwdamsso1?60467
-> POST /sso/Authenticator;jsessionid=37BC536DFF82008AA76B711A9E7AB371.ny5wwwdamsso1?46958
<- 200 POST /sso/Authenticator;jsessionid=37BC536DFF82008AA76B711A9E7AB371.ny5wwwdamsso1?46958
-> POST /sso/Dispatcher;jsessionid=37BC536DFF82008AA76B711A9E7AB371.ny5wwwdamsso1
<- 200 POST /sso/Dispatcher;jsessionid=37BC536DFF82008AA76B711A9E7AB371.ny5wwwdamsso1
-> GET /sso/Templates/otp-responsive.css?1597256478686
-> GET /sso/CombineFiles
<- 200 GET /sso/Templates/otp-responsive.css?1597256478686
<- 200 GET /sso/CombineFiles
-> POST /sso/Authenticator?19824
<- 200 POST /sso/Authenticator?19824
-> POST /sso/Authenticator?40734
<- 200 POST /sso/Authenticator?40734
-> POST /sso/Dispatcher
<- 302 POST /sso/Dispatcher
-> request: /v1/api/sso/validate?gw=1
-> request: /AccountManagement/OneBarAuthentication?json=1
-> GET /AccountManagement/OneBarAuthentication?json=1,404|148ms
-> GET /v1/api/sso/validate?gw=1,200|213ms
-> request: /v1/api/one/user
-> request: /sso/AuthenticateSSODH?ACTION=INIT
-> sso GET https://api.ibkr.com/sso/AuthenticateSSODH?ACTION=INIT
-> GET /v1/api/one/user,200|52ms
-> request: /sso/AuthenticateSSODH?ACTION=COMPLETE&B=27a53bb6d63477746b966a755d015a756bbf0353175e8fef383ea7be683983b949ae019f7c3f250415930a7ff10ac49b2a1fb23d4f510c62da7df3520e7d3d3a&CHRESPONSE=fb8c478c8be1a55507bbdc3dacd73d217b8de69f
-> sso GET https://api.ibkr.com/sso/AuthenticateSSODH?ACTION=COMPLETE&B=27a53bb6d63477746b966a755d015a756bbf0353175e8fef383ea7be683983b949ae019f7c3f250415930a7ff10ac49b2a1fb23d4f510c62da7df3520e7d3d3a&CHRESPONSE=fb8c478c8be1a55507bbdc3dacd73d217b8de69f
-> request: /v1/api/iserver/auth/status
-> GET /v1/api/iserver/auth/status,200|47ms
-> request: /v1/api/iserver/accounts
-> GET /v1/api/iserver/accounts,200|57ms
-> POST /v1/portal/iserver/secdef/search
<- 200 POST /v1/portal/iserver/secdef/search
-> GET /v1/portal/iserver/marketdata/history?conid=265598&exchange=SMART&period=1min&bar=1min
<- 200 GET /v1/portal/iserver/marketdata/history?conid=265598&exchange=SMART&period=1min&bar=1min
-> request: /v1/api/tickle
-> GET /v1/api/tickle,200|193ms
-> request: /v1/api/tickle
-> GET /v1/api/tickle,200|253ms
-> request: /v1/api/tickle
-> GET /v1/api/tickle,200|163ms
-> GET /sso/Login?forwardTo=22&RL=1&ip2loc=US
<- 200 GET /sso/Login?forwardTo=22&RL=1&ip2loc=US
-> GET /sso/CombineFiles
-> GET /sso/Templates/otp-responsive.css?1597257054338
<- 200 GET /sso/CombineFiles
<- 200 GET /sso/Templates/otp-responsive.css?1597257054338
-> GET /sso/CombineFiles
<- 200 GET /sso/CombineFiles
-> POST /sso/Authenticator;jsessionid=61B0151C537FE8753432E42752639E8C.ny5wwwdamsso1?44234
<- 200 POST /sso/Authenticator;jsessionid=61B0151C537FE8753432E42752639E8C.ny5wwwdamsso1?44234
-> POST /sso/Authenticator;jsessionid=61B0151C537FE8753432E42752639E8C.ny5wwwdamsso1?75563
<- 200 POST /sso/Authenticator;jsessionid=61B0151C537FE8753432E42752639E8C.ny5wwwdamsso1?75563
-> POST /sso/Dispatcher;jsessionid=61B0151C537FE8753432E42752639E8C.ny5wwwdamsso1
<- 200 POST /sso/Dispatcher;jsessionid=61B0151C537FE8753432E42752639E8C.ny5wwwdamsso1
-> GET /sso/Templates/otp-responsive.css?1597257066966
-> GET /sso/CombineFiles
<- 200 GET /sso/Templates/otp-responsive.css?1597257066966
<- 200 GET /sso/CombineFiles
-> POST /sso/Authenticator?35148
<- 200 POST /sso/Authenticator?35148
-> POST /sso/Authenticator?52425
<- 200 POST /sso/Authenticator?52425
-> POST /sso/Dispatcher
<- 302 POST /sso/Dispatcher
-> request: /v1/api/sso/validate?gw=1
-> request: /AccountManagement/OneBarAuthentication?json=1
-> GET /AccountManagement/OneBarAuthentication?json=1,404|173ms
-> GET /v1/api/sso/validate?gw=1,200|212ms
-> request: /v1/api/one/user
-> request: /sso/AuthenticateSSODH?ACTION=INIT
-> sso GET https://api.ibkr.com/sso/AuthenticateSSODH?ACTION=INIT
-> GET /v1/api/one/user,200|78ms
-> request: /sso/AuthenticateSSODH?ACTION=COMPLETE&B=7416d4865a030e6638c2f9cffaee87bdbbe98b7bec7179f26289bd9055e5e22793a0b3b3e70ce675fbc968b07296e0931f2b637ac4794bc5b6c78004b7f481e0&CHRESPONSE=cb9b2ef4b8b0c2471f5bbf0fa4b13980df800351
-> sso GET https://api.ibkr.com/sso/AuthenticateSSODH?ACTION=COMPLETE&B=7416d4865a030e6638c2f9cffaee87bdbbe98b7bec7179f26289bd9055e5e22793a0b3b3e70ce675fbc968b07296e0931f2b637ac4794bc5b6c78004b7f481e0&CHRESPONSE=cb9b2ef4b8b0c2471f5bbf0fa4b13980df800351
-> request: /v1/api/iserver/auth/status
-> GET /v1/api/iserver/auth/status,200|51ms
-> request: /v1/api/iserver/accounts
-> GET /v1/api/iserver/accounts,200|50ms
-> POST /v1/portal/iserver/secdef/search
<- 200 POST /v1/portal/iserver/secdef/search
-> GET /v1/portal/iserver/marketdata/history?conid=265598&exchange=SMART&period=1min&bar=1min
<- 200 GET /v1/portal/iserver/marketdata/history?conid=265598&exchange=SMART&period=1min&bar=1min
-> GET /sso/Login?forwardTo=22&RL=1&ip2loc=US
<- 200 GET /sso/Login?forwardTo=22&RL=1&ip2loc=US
-> GET /sso/CombineFiles
-> GET /sso/Templates/otp-responsive.css?1597257511911
<- 200 GET /sso/CombineFiles
<- 200 GET /sso/Templates/otp-responsive.css?1597257511911
-> GET /sso/Login?forwardTo=22&RL=1&ip2loc=US
<- 200 GET /sso/Login?forwardTo=22&RL=1&ip2loc=US
-> GET /sso/CombineFiles
-> GET /sso/Templates/otp-responsive.css?1597257515580
<- 200 GET /sso/CombineFiles
<- 200 GET /sso/Templates/otp-responsive.css?1597257515580
-> GET /sso/CombineFiles
<- 200 GET /sso/CombineFiles
-> POST /sso/Authenticator?72847
<- 200 POST /sso/Authenticator?72847
-> POST /sso/Authenticator?91591
<- 200 POST /sso/Authenticator?91591
-> POST /sso/Dispatcher
<- 200 POST /sso/Dispatcher
-> GET /sso/Templates/otp-responsive.css?1597257525466
-> GET /sso/CombineFiles
<- 200 GET /sso/Templates/otp-responsive.css?1597257525466
<- 200 GET /sso/CombineFiles
-> POST /sso/Authenticator?68539
<- 200 POST /sso/Authenticator?68539
-> POST /sso/Authenticator?98335
<- 200 POST /sso/Authenticator?98335
-> POST /sso/Dispatcher
<- 302 POST /sso/Dispatcher
-> request: /v1/api/sso/validate?gw=1
-> request: /AccountManagement/OneBarAuthentication?json=1
-> GET /AccountManagement/OneBarAuthentication?json=1,404|140ms
-> GET /v1/api/sso/validate?gw=1,200|216ms
-> request: /v1/api/one/user
-> request: /sso/AuthenticateSSODH?ACTION=INIT
-> sso GET https://api.ibkr.com/sso/AuthenticateSSODH?ACTION=INIT
-> GET /v1/api/one/user,200|83ms
-> request: /sso/AuthenticateSSODH?ACTION=COMPLETE&B=9a2b37a74fd3f0c4019f78561d69bbee7d7af9330cebb0a3af2b577666dee9977ac7b90afe92e57cfac3d70c351e671f6dd9cc086438b14564efbfe0ee090632&CHRESPONSE=6243a7c625f9f827c885490de0ba7650096625bd
-> sso GET https://api.ibkr.com/sso/AuthenticateSSODH?ACTION=COMPLETE&B=9a2b37a74fd3f0c4019f78561d69bbee7d7af9330cebb0a3af2b577666dee9977ac7b90afe92e57cfac3d70c351e671f6dd9cc086438b14564efbfe0ee090632&CHRESPONSE=6243a7c625f9f827c885490de0ba7650096625bd
-> request: /v1/api/iserver/auth/status
-> GET /v1/api/iserver/auth/status,200|47ms
-> request: /v1/api/iserver/accounts
-> GET /v1/api/iserver/accounts,200|56ms
-> POST /v1/portal/iserver/secdef/search
<- 200 POST /v1/portal/iserver/secdef/search
-> GET /v1/portal/iserver/marketdata/history?conid=265598&exchange=SMART&period=1min&bar=1min
<- 200 GET /v1/portal/iserver/marketdata/history?conid=265598&exchange=SMART&period=1min&bar=1min
-> GET /sso/Login?forwardTo=22&RL=1&ip2loc=US
<- 200 GET /sso/Login?forwardTo=22&RL=1&ip2loc=US
-> GET /sso/CombineFiles
-> GET /sso/Templates/otp-responsive.css?1597257772888
<- 200 GET /sso/CombineFiles
<- 200 GET /sso/Templates/otp-responsive.css?1597257772888
-> GET /sso/CombineFiles
<- 200 GET /sso/CombineFiles
-> POST /sso/Authenticator;jsessionid=D02D526C6993F08E5FEB235BBB88B6A9.ny5wwwdamsso1?7138
<- 200 POST /sso/Authenticator;jsessionid=D02D526C6993F08E5FEB235BBB88B6A9.ny5wwwdamsso1?7138
-> POST /sso/Authenticator;jsessionid=D02D526C6993F08E5FEB235BBB88B6A9.ny5wwwdamsso1?68095
<- 200 POST /sso/Authenticator;jsessionid=D02D526C6993F08E5FEB235BBB88B6A9.ny5wwwdamsso1?68095
-> POST /sso/Dispatcher;jsessionid=D02D526C6993F08E5FEB235BBB88B6A9.ny5wwwdamsso1
<- 200 POST /sso/Dispatcher;jsessionid=D02D526C6993F08E5FEB235BBB88B6A9.ny5wwwdamsso1
-> GET /sso/Templates/otp-responsive.css?1597258104614
-> GET /sso/CombineFiles
<- 200 GET /sso/Templates/otp-responsive.css?1597258104614
<- 200 GET /sso/CombineFiles
-> POST /sso/Authenticator?3928
<- 200 POST /sso/Authenticator?3928
-> POST /sso/Authenticator?24381
<- 200 POST /sso/Authenticator?24381
-> POST /sso/Dispatcher
<- 302 POST /sso/Dispatcher
-> request: /v1/api/sso/validate?gw=1
-> request: /AccountManagement/OneBarAuthentication?json=1
-> GET /AccountManagement/OneBarAuthentication?json=1,404|166ms
-> GET /v1/api/sso/validate?gw=1,200|177ms
-> request: /v1/api/one/user
-> request: /sso/AuthenticateSSODH?ACTION=INIT
-> sso GET https://api.ibkr.com/sso/AuthenticateSSODH?ACTION=INIT
-> GET /v1/api/one/user,200|60ms
-> request: /sso/AuthenticateSSODH?ACTION=COMPLETE&B=3e5985333df6058cf4ab6ca2651bfe38de497c39dc19f6f463132e2f5029e7023a44a88b01045d1b8bfe2f4a11af534640c90b3d792b5732eacbc9f6eab4eec3&CHRESPONSE=c283877fcd8e10276929153c5d110d9e49d799aa
-> sso GET https://api.ibkr.com/sso/AuthenticateSSODH?ACTION=COMPLETE&B=3e5985333df6058cf4ab6ca2651bfe38de497c39dc19f6f463132e2f5029e7023a44a88b01045d1b8bfe2f4a11af534640c90b3d792b5732eacbc9f6eab4eec3&CHRESPONSE=c283877fcd8e10276929153c5d110d9e49d799aa
-> request: /v1/api/iserver/auth/status
-> GET /v1/api/iserver/auth/status,200|49ms
-> request: /v1/api/iserver/auth/ssodh/init
-> POST https://api.ibkr.com/v1/api/iserver/auth/ssodh/init,200|119ms
-> request: /v1/api/iserver/auth/ssodh/response
-> POST https://api.ibkr.com/v1/api/iserver/auth/ssodh/response,200|62ms
-> request: /v1/api/iserver/accounts
-> GET /v1/api/iserver/accounts,200|39ms
-> POST /v1/portal/iserver/secdef/search
<- 200 POST /v1/portal/iserver/secdef/search
-> GET /v1/portal/iserver/marketdata/history?conid=265598&exchange=SMART&period=1min&bar=1min
<- 200 GET /v1/portal/iserver/marketdata/history?conid=265598&exchange=SMART&period=1min&bar=1min
